SF:lib\models\logged_user_model.dart
DA:6,2
DA:8,1
DA:9,2
DA:10,4
DA:11,1
DA:12,3
DA:15,1
DA:16,1
DA:17,2
DA:18,1
DA:19,3
DA:21,1
DA:22,3
DA:44,1
DA:61,1
DA:62,2
DA:63,2
DA:64,2
DA:65,2
DA:66,2
DA:67,2
DA:68,2
DA:69,2
DA:70,1
DA:71,1
DA:72,2
DA:74,1
DA:75,1
DA:76,2
DA:78,2
DA:79,2
DA:80,2
DA:81,2
DA:84,1
DA:85,1
DA:86,2
DA:87,2
DA:88,2
DA:89,2
DA:90,2
DA:91,2
DA:92,2
DA:93,2
DA:94,1
DA:95,0
DA:97,1
DA:98,0
DA:100,2
DA:101,2
DA:102,2
DA:103,2
DA:112,1
DA:114,1
DA:115,2
DA:116,3
DA:119,1
DA:120,1
DA:121,2
DA:122,2
DA:139,1
DA:152,1
DA:153,2
DA:154,2
DA:155,2
DA:156,2
DA:157,2
DA:158,2
DA:159,2
DA:160,2
DA:161,2
DA:162,2
DA:165,1
DA:166,1
DA:167,2
DA:168,2
DA:169,2
DA:170,2
DA:171,2
DA:172,2
DA:173,2
DA:174,2
DA:175,2
DA:176,2
DA:190,1
DA:200,1
DA:201,2
DA:202,2
DA:203,2
DA:204,2
DA:205,2
DA:206,4
DA:207,2
DA:210,1
DA:211,1
DA:212,2
DA:213,2
DA:214,2
DA:215,2
DA:216,2
DA:217,1
DA:218,0
DA:220,2
DA:241,1
DA:258,1
DA:259,2
DA:260,2
DA:261,2
DA:262,2
DA:263,2
DA:264,2
DA:265,2
DA:266,2
DA:267,1
DA:268,1
DA:269,0
DA:271,1
DA:272,1
DA:273,0
DA:275,1
DA:276,2
DA:277,3
DA:278,3
DA:281,2
DA:282,2
DA:283,2
DA:286,1
DA:287,1
DA:288,2
DA:289,2
DA:290,2
DA:291,2
DA:292,2
DA:293,2
DA:294,2
DA:295,2
DA:296,1
DA:297,0
DA:299,1
DA:300,0
DA:302,1
DA:303,6
DA:305,2
DA:306,2
DA:307,2
DA:323,1
DA:335,1
DA:336,2
DA:337,2
DA:338,2
DA:339,1
DA:340,1
DA:341,2
DA:343,2
DA:344,2
DA:345,2
DA:346,2
DA:347,2
DA:350,1
DA:351,1
DA:352,2
DA:353,2
DA:354,2
DA:355,1
DA:356,0
DA:358,2
DA:359,2
DA:360,2
DA:361,2
DA:362,2
DA:380,1
DA:394,1
DA:395,2
DA:396,2
DA:397,2
DA:398,2
DA:399,2
DA:400,2
DA:401,2
DA:402,2
DA:403,2
DA:404,2
DA:405,2
DA:408,1
DA:409,1
DA:410,2
DA:411,2
DA:412,2
DA:413,2
DA:414,2
DA:415,2
DA:416,2
DA:417,2
DA:418,2
DA:419,2
DA:420,2
LF:195
LH:187
end_of_record
SF:lib\component\custom_text.dart
DA:3,0
DA:14,0
DA:19,0
DA:21,0
LF:4
LH:0
end_of_record
SF:lib\component\custom_button.dart
DA:3,0
DA:19,0
DA:20,0
DA:21,0
DA:23,0
DA:25,0
DA:27,0
DA:28,0
DA:29,0
DA:30,0
DA:33,0
DA:34,0
DA:35,0
DA:36,0
DA:37,0
DA:39,0
DA:40,0
DA:41,0
DA:46,0
DA:47,0
DA:51,0
DA:52,0
DA:53,0
DA:56,0
DA:59,0
DA:62,0
DA:67,0
DA:80,0
DA:96,0
DA:97,0
DA:98,0
DA:100,0
DA:102,0
DA:104,0
DA:105,0
DA:106,0
DA:107,0
DA:110,0
DA:111,0
DA:112,0
DA:113,0
DA:114,0
DA:116,0
DA:117,0
DA:118,0
DA:123,0
DA:128,0
DA:129,0
DA:130,0
DA:133,0
DA:134,0
DA:138,0
DA:140,0
DA:141,0
DA:156,0
DA:171,0
DA:172,0
DA:173,0
DA:175,0
DA:177,0
DA:178,0
DA:180,0
DA:181,0
DA:185,0
DA:186,0
DA:187,0
DA:190,0
DA:191,0
LF:68
LH:0
end_of_record
SF:lib\component\custom_spacer.dart
DA:3,0
DA:4,0
DA:7,0
DA:8,0
LF:4
LH:0
end_of_record
SF:lib\component\custom_text_field.dart
DA:3,0
DA:21,0
DA:22,0
DA:23,0
DA:34,0
DA:35,0
DA:37,0
DA:38,0
DA:43,0
DA:44,0
DA:45,0
DA:47,0
DA:48,0
DA:50,0
DA:51,0
DA:57,0
DA:59,0
DA:64,0
DA:68,0
DA:70,0
DA:72,0
DA:76,0
DA:83,0
DA:100,0
DA:101,0
DA:102,0
DA:113,0
DA:115,0
DA:116,0
DA:121,0
DA:122,0
DA:123,0
DA:125,0
DA:126,0
DA:128,0
DA:129,0
DA:135,0
DA:137,0
DA:142,0
DA:146,0
DA:148,0
DA:150,0
DA:154,0
DA:161,0
DA:181,0
DA:182,0
DA:184,0
DA:197,0
DA:199,0
DA:200,0
DA:203,0
DA:204,0
DA:205,0
DA:206,0
DA:208,0
DA:211,0
DA:212,0
DA:213,0
DA:215,0
DA:218,0
DA:219,0
DA:220,0
DA:222,0
DA:227,0
DA:228,0
DA:229,0
DA:230,0
DA:231,0
DA:233,0
DA:234,0
DA:235,0
DA:237,0
DA:239,0
DA:241,0
DA:245,0
DA:252,0
DA:272,0
DA:273,0
DA:275,0
DA:287,0
DA:289,0
DA:290,0
DA:293,0
DA:294,0
DA:295,0
DA:296,0
DA:298,0
DA:301,0
DA:302,0
DA:303,0
DA:305,0
DA:308,0
DA:309,0
DA:310,0
DA:312,0
DA:317,0
DA:318,0
DA:319,0
DA:320,0
DA:321,0
DA:323,0
DA:324,0
DA:325,0
DA:327,0
DA:329,0
DA:331,0
DA:335,0
DA:342,0
DA:364,0
DA:365,0
DA:367,0
DA:380,0
DA:382,0
DA:383,0
DA:387,0
DA:388,0
DA:389,0
DA:390,0
DA:392,0
DA:393,0
DA:394,0
DA:396,0
DA:397,0
DA:398,0
DA:402,0
DA:403,0
DA:404,0
DA:405,0
DA:406,0
DA:408,0
DA:410,0
DA:411,0
DA:412,0
DA:415,0
DA:417,0
DA:419,0
DA:423,0
LF:137
LH:0
end_of_record
SF:lib\component\custom_pop_up.dart
DA:186,0
DA:194,0
DA:197,0
DA:198,0
DA:199,0
DA:200,0
DA:201,0
DA:202,0
DA:203,0
DA:204,0
DA:208,0
DA:210,0
DA:211,0
DA:213,0
DA:215,0
DA:216,0
DA:218,0
DA:219,0
DA:222,0
DA:231,0
DA:232,0
DA:233,0
DA:241,0
DA:243,0
DA:257,0
DA:258,0
LF:26
LH:0
end_of_record
SF:lib\component\custom_drop_down_textfield.dart
DA:3,0
DA:19,0
DA:20,0
DA:22,0
DA:24,0
DA:26,0
DA:29,0
DA:30,0
DA:31,0
DA:32,0
DA:33,0
DA:35,0
DA:36,0
DA:47,0
DA:50,0
DA:51,0
DA:52,0
DA:54,0
DA:57,0
DA:58,0
DA:59,0
DA:61,0
DA:64,0
DA:65,0
DA:66,0
DA:68,0
DA:72,0
DA:74,0
DA:76,0
DA:79,0
DA:80,0
DA:81,0
DA:84,0
DA:86,0
DA:87,0
DA:92,0
DA:93,0
DA:97,0
DA:99,0
DA:101,0
DA:102,0
DA:107,0
DA:112,0
DA:127,0
DA:128,0
DA:129,0
DA:130,0
DA:132,0
DA:134,0
DA:137,0
DA:138,0
DA:139,0
DA:140,0
DA:142,0
DA:143,0
DA:152,0
DA:156,0
DA:157,0
DA:158,0
DA:159,0
DA:160,0
DA:162,0
DA:164,0
DA:165,0
DA:170,0
DA:171,0
DA:172,0
DA:174,0
DA:177,0
DA:178,0
DA:179,0
DA:181,0
DA:184,0
DA:185,0
DA:186,0
DA:188,0
DA:192,0
DA:194,0
DA:196,0
DA:199,0
DA:200,0
DA:201,0
DA:204,0
DA:206,0
DA:207,0
DA:212,0
DA:213,0
DA:215,0
DA:217,0
DA:219,0
DA:220,0
DA:225,0
LF:92
LH:0
end_of_record
SF:lib\component\custom_app_bar.dart
DA:3,0
DA:4,0
DA:5,0
DA:6,0
DA:7,0
DA:8,0
DA:13,0
DA:14,0
DA:15,0
DA:16,0
DA:17,0
DA:18,0
DA:19,0
DA:21,0
DA:23,0
DA:24,0
LF:16
LH:0
end_of_record
SF:lib\component\custom_divider.dart
DA:3,0
DA:8,0
LF:2
LH:0
end_of_record
SF:lib\component\custom_add_button.dart
DA:3,0
DA:8,0
DA:10,0
DA:11,0
DA:12,0
DA:13,0
DA:14,0
DA:15,0
DA:17,0
DA:18,0
DA:19,0
DA:29,0
DA:34,0
DA:36,0
DA:37,0
DA:38,0
DA:39,0
DA:40,0
DA:41,0
DA:43,0
DA:44,0
LF:21
LH:0
end_of_record
SF:lib\component\line_decoration.dart
DA:6,0
DA:7,0
DA:9,0
DA:10,0
DA:17,0
DA:19,0
DA:20,0
DA:21,0
DA:23,0
DA:25,0
DA:26,0
DA:29,0
DA:31,0
DA:33,0
DA:35,0
LF:15
LH:0
end_of_record
SF:lib\component\custom_tab_bar.dart
DA:3,0
DA:4,0
DA:5,0
DA:7,0
DA:8,0
DA:9,0
DA:12,0
DA:14,0
DA:15,0
DA:17,0
DA:20,0
DA:22,0
DA:24,0
DA:29,0
DA:30,0
DA:31,0
DA:33,0
DA:36,0
LF:18
LH:0
end_of_record
SF:lib\component\custom_snack_bar.dart
DA:3,0
DA:8,0
LF:2
LH:0
end_of_record
SF:lib\service\validation_service\validation_service.dart
DA:2,1
DA:3,2
DA:4,1
DA:9,1
DA:11,2
DA:12,1
DA:18,1
DA:19,1
DA:20,1
DA:25,1
DA:29,1
DA:30,1
DA:36,1
DA:37,1
DA:38,1
DA:42,1
DA:43,1
DA:46,1
DA:49,1
DA:50,1
DA:51,1
DA:54,1
DA:55,1
DA:56,1
DA:59,1
DA:60,1
DA:61,1
DA:65,1
DA:66,1
DA:67,1
DA:70,1
DA:71,1
DA:73,2
DA:74,1
DA:77,2
DA:78,1
DA:81,2
DA:82,1
DA:85,2
DA:86,1
DA:89,1
DA:91,1
DA:92,1
DA:95,1
DA:97,1
DA:98,0
DA:101,1
DA:104,1
DA:105,2
DA:106,1
DA:108,3
DA:109,1
DA:113,1
DA:114,2
DA:115,1
DA:117,1
DA:118,1
DA:122,1
DA:123,2
DA:124,1
DA:126,2
DA:127,1
DA:131,1
DA:132,2
DA:133,1
DA:137,1
DA:138,2
DA:139,1
DA:145,1
DA:146,2
DA:147,1
DA:151,1
DA:152,2
DA:153,1
DA:157,1
DA:158,1
DA:159,1
DA:161,4
DA:162,1
DA:169,1
DA:171,1
DA:172,1
LF:82
LH:81
end_of_record
SF:lib\service\supabase_service.dart
DA:7,0
DA:10,0
DA:15,0
DA:23,0
DA:31,0
DA:33,0
DA:36,0
DA:38,0
DA:40,0
DA:41,0
DA:44,0
DA:45,0
DA:48,0
DA:52,0
DA:53,0
DA:55,0
DA:57,0
LF:17
LH:0
end_of_record
SF:lib\models\compiagn_model.dart
DA:7,0
LF:1
LH:0
end_of_record
SF:lib\utils\app_controller_registered.dart
DA:4,0
LF:1
LH:0
end_of_record
SF:lib\utils\app_routes.dart
DA:42,0
DA:43,0
DA:44,0
DA:45,0
DA:47,0
DA:48,0
DA:49,0
DA:50,0
DA:51,0
DA:52,0
DA:53,0
DA:54,0
DA:55,0
DA:56,0
DA:57,0
DA:58,0
DA:59,0
DA:60,0
DA:61,0
DA:62,0
DA:63,0
DA:64,0
DA:65,0
DA:66,0
DA:67,0
DA:68,0
DA:69,0
DA:70,0
DA:71,0
DA:72,0
DA:73,0
DA:74,0
LF:32
LH:0
end_of_record
SF:lib\view\ai_chat_bot_view\ai_chat_view.dart
DA:4,0
DA:5,0
DA:6,0
DA:37,0
DA:38,0
DA:40,0
DA:41,0
DA:43,0
DA:46,0
DA:47,0
DA:48,0
DA:49,0
DA:53,0
DA:54,0
DA:55,0
DA:56,0
DA:59,0
DA:62,0
DA:67,0
DA:68,0
DA:69,0
DA:71,0
DA:73,0
DA:76,0
DA:78,0
DA:81,0
DA:82,0
DA:83,0
DA:84,0
DA:87,0
DA:88,0
DA:89,0
DA:90,0
DA:91,0
DA:96,0
DA:99,0
DA:100,0
DA:107,0
DA:108,0
DA:109,0
DA:115,0
DA:116,0
DA:117,0
DA:118,0
DA:119,0
DA:120,0
DA:125,0
DA:127,0
DA:128,0
DA:134,0
DA:136,0
DA:148,0
DA:151,0
DA:152,0
DA:153,0
DA:154,0
DA:156,0
DA:157,0
DA:158,0
DA:159,0
DA:161,0
DA:162,0
DA:163,0
DA:164,0
DA:165,0
DA:166,0
DA:171,0
DA:173,0
DA:174,0
DA:180,0
DA:181,0
DA:182,0
DA:197,0
DA:198,0
DA:200,0
DA:201,0
DA:202,0
DA:203,0
DA:204,0
DA:207,0
DA:208,0
DA:209,0
DA:210,0
DA:211,0
DA:216,0
DA:219,0
DA:220,0
DA:228,0
DA:229,0
DA:230,0
DA:231,0
DA:232,0
DA:233,0
DA:235,0
DA:237,0
DA:238,0
DA:240,0
DA:242,0
DA:243,0
DA:244,0
DA:260,0
DA:262,0
DA:270,0
DA:275,0
DA:276,0
DA:277,0
DA:278,0
DA:279,0
DA:280,0
DA:281,0
DA:282,0
DA:284,0
DA:285,0
DA:290,0
DA:291,0
DA:292,0
DA:294,0
DA:295,0
DA:305,0
DA:306,0
DA:309,0
DA:312,0
DA:317,0
DA:318,0
DA:321,0
DA:324,0
DA:325,0
DA:331,0
DA:332,0
DA:334,0
DA:335,0
DA:336,0
DA:337,0
DA:339,0
DA:343,0
DA:350,0
DA:351,0
DA:353,0
DA:354,0
DA:355,0
DA:356,0
DA:357,0
DA:358,0
DA:360,0
DA:362,0
DA:364,0
DA:365,0
DA:377,0
DA:378,0
DA:379,0
DA:380,0
DA:383,0
DA:384,0
DA:403,0
LF:154
LH:0
end_of_record
SF:lib\view\message_view\user_list_view.dart
DA:5,0
DA:7,0
DA:8,0
DA:14,0
DA:16,0
DA:17,0
DA:20,0
DA:22,0
DA:31,0
DA:32,0
DA:33,0
DA:34,0
DA:35,0
DA:36,0
DA:41,0
DA:42,0
DA:43,0
DA:44,0
DA:45,0
DA:46,0
DA:47,0
DA:49,0
DA:51,0
DA:52,0
DA:58,0
DA:59,0
DA:61,0
DA:65,0
DA:66,0
DA:75,0
DA:76,0
DA:77,0
DA:80,0
DA:81,0
DA:82,0
DA:83,0
DA:85,0
DA:97,0
DA:100,0
DA:101,0
DA:108,0
DA:115,0
DA:122,0
DA:129,0
DA:144,0
DA:151,0
DA:152,0
DA:153,0
DA:155,0
DA:156,0
DA:157,0
DA:158,0
DA:160,0
DA:162,0
DA:164,0
DA:165,0
DA:166,0
DA:167,0
DA:168,0
DA:170,0
DA:173,0
DA:174,0
DA:175,0
DA:178,0
DA:179,0
DA:186,0
DA:190,0
DA:196,0
DA:197,0
DA:198,0
DA:201,0
DA:202,0
DA:206,0
DA:208,0
DA:209,0
DA:210,0
DA:211,0
DA:212,0
DA:213,0
DA:215,0
DA:217,0
DA:218,0
LF:82
LH:0
end_of_record
SF:lib\view\plan_view\plan_view.dart
DA:7,0
DA:9,0
DA:10,0
DA:42,0
DA:44,0
DA:52,0
DA:53,0
DA:55,0
DA:56,0
DA:57,0
DA:60,0
DA:61,0
DA:62,0
DA:64,0
DA:65,0
DA:69,0
DA:70,0
DA:79,0
DA:80,0
DA:81,0
DA:82,0
DA:85,0
DA:86,0
DA:88,0
DA:89,0
DA:90,0
DA:91,0
DA:92,0
DA:93,0
DA:96,0
DA:97,0
DA:98,0
DA:99,0
DA:100,0
DA:101,0
DA:102,0
DA:103,0
DA:108,0
DA:109,0
DA:110,0
DA:111,0
DA:124,0
DA:126,0
DA:127,0
DA:128,0
DA:130,0
DA:131,0
DA:132,0
DA:137,0
DA:138,0
DA:150,0
DA:151,0
DA:166,0
LF:53
LH:0
end_of_record
SF:lib\utils\app_validators.dart
DA:2,1
DA:3,2
DA:4,1
DA:9,1
DA:10,1
DA:14,2
DA:18,2
DA:22,2
DA:26,2
DA:30,2
DA:37,1
DA:38,2
DA:41,1
DA:42,1
DA:48,1
DA:49,2
DA:56,1
DA:57,2
DA:60,1
DA:63,1
LF:20
LH:20
end_of_record
SF:lib\utils\custom_date_time_picker.dart
DA:3,0
DA:7,0
DA:9,0
DA:10,0
DA:11,0
DA:12,0
DA:17,0
DA:18,0
DA:19,0
DA:20,0
DA:21,0
DA:22,0
DA:23,0
DA:24,0
DA:25,0
DA:26,0
DA:27,0
DA:31,0
DA:41,0
DA:43,0
DA:44,0
DA:50,0
DA:51,0
DA:52,0
DA:53,0
DA:57,0
DA:59,0
DA:60,0
DA:61,0
DA:62,0
DA:64,0
DA:65,0
DA:66,0
DA:68,0
DA:70,0
DA:71,0
DA:72,0
DA:75,0
DA:76,0
DA:77,0
DA:78,0
DA:81,0
DA:83,0
DA:84,0
DA:85,0
DA:86,0
DA:87,0
DA:91,0
DA:92,0
DA:93,0
DA:94,0
DA:95,0
DA:107,0
DA:108,0
DA:109,0
DA:110,0
DA:111,0
DA:115,0
DA:116,0
DA:117,0
DA:118,0
DA:119,0
DA:132,0
DA:133,0
DA:134,0
DA:137,0
DA:138,0
DA:140,0
DA:143,0
DA:144,0
DA:147,0
DA:148,0
DA:150,0
DA:152,0
DA:158,0
DA:161,0
DA:162,0
DA:164,0
DA:165,0
DA:166,0
DA:170,0
DA:171,0
DA:172,0
DA:173,0
DA:174,0
LF:85
LH:0
end_of_record
SF:lib\view\attendance_view\attendance_view.dart
DA:4,0
DA:6,0
DA:7,0
DA:16,0
DA:18,0
DA:19,0
DA:24,0
DA:26,0
DA:27,0
DA:35,0
DA:36,0
DA:39,0
DA:40,0
DA:41,0
DA:42,0
DA:43,0
DA:44,0
DA:45,0
DA:46,0
DA:48,0
DA:60,0
DA:64,0
DA:65,0
DA:67,0
DA:68,0
DA:69,0
DA:82,0
DA:83,0
DA:87,0
DA:96,0
DA:101,0
DA:102,0
DA:103,0
DA:108,0
DA:110,0
DA:111,0
DA:112,0
DA:117,0
DA:118,0
DA:119,0
DA:120,0
DA:127,0
DA:128,0
DA:136,0
DA:137,0
DA:138,0
DA:139,0
DA:144,0
DA:145,0
DA:146,0
DA:149,0
DA:150,0
DA:151,0
DA:152,0
DA:153,0
DA:154,0
DA:155,0
DA:156,0
DA:157,0
DA:158,0
DA:159,0
DA:160,0
DA:161,0
DA:163,0
DA:177,0
DA:181,0
DA:182,0
DA:183,0
DA:184,0
DA:187,0
DA:188,0
DA:189,0
DA:202,0
DA:203,0
DA:205,0
DA:210,0
DA:219,0
DA:224,0
DA:225,0
DA:226,0
DA:232,0
DA:234,0
DA:235,0
DA:236,0
DA:241,0
DA:242,0
DA:243,0
DA:244,0
DA:250,0
DA:251,0
DA:259,0
DA:263,0
DA:267,0
DA:271,0
DA:275,0
DA:276,0
DA:277,0
DA:278,0
DA:279,0
DA:281,0
DA:295,0
DA:299,0
DA:300,0
DA:301,0
DA:302,0
DA:305,0
DA:306,0
DA:307,0
DA:320,0
DA:321,0
DA:323,0
DA:328,0
DA:338,0
DA:343,0
DA:344,0
DA:345,0
DA:351,0
DA:352,0
DA:353,0
DA:354,0
DA:359,0
DA:360,0
DA:361,0
DA:362,0
DA:369,0
DA:370,0
DA:378,0
DA:382,0
DA:386,0
DA:390,0
DA:400,0
DA:401,0
DA:402,0
DA:403,0
DA:404,0
DA:406,0
DA:407,0
DA:408,0
DA:413,0
DA:414,0
DA:426,0
DA:427,0
LF:142
LH:0
end_of_record
SF:lib\view\attendance_view\widgets\attendance_card.dart
DA:3,0
DA:4,0
DA:5,0
DA:6,0
DA:7,0
DA:8,0
DA:11,0
DA:14,0
DA:15,0
DA:20,0
DA:25,0
DA:35,0
DA:40,0
DA:41,0
DA:42,0
DA:48,0
DA:49,0
DA:60,0
DA:61,0
DA:62,0
DA:63,0
DA:66,0
DA:67,0
DA:68,0
DA:69,0
DA:73,0
DA:74,0
DA:75,0
DA:76,0
DA:77,0
DA:78,0
DA:80,0
DA:84,0
DA:90,0
DA:96,0
DA:98,0
DA:99,0
DA:100,0
DA:101,0
DA:102,0
DA:109,0
DA:110,0
DA:111,0
DA:112,0
DA:114,0
DA:116,0
DA:117,0
DA:119,0
DA:120,0
DA:122,0
DA:123,0
DA:132,0
DA:133,0
DA:134,0
DA:135,0
DA:136,0
DA:143,0
DA:144,0
DA:145,0
DA:146,0
DA:148,0
DA:150,0
DA:151,0
DA:153,0
DA:154,0
DA:156,0
DA:157,0
LF:67
LH:0
end_of_record
SF:lib\view\auth_view\forgot_password_view\otp_view.dart
DA:5,0
DA:7,0
DA:9,0
DA:17,0
DA:18,0
DA:19,0
DA:23,0
DA:24,0
DA:25,0
DA:26,0
DA:27,0
DA:29,0
DA:30,0
DA:31,0
DA:32,0
DA:34,0
DA:36,0
DA:37,0
DA:43,0
DA:44,0
DA:51,0
DA:53,0
DA:54,0
DA:55,0
DA:59,0
DA:60,0
DA:63,0
DA:64,0
DA:68,0
DA:69,0
DA:71,0
DA:72,0
DA:75,0
DA:76,0
DA:81,0
DA:82,0
DA:83,0
DA:90,0
DA:91,0
DA:92,0
DA:99,0
DA:105,0
DA:106,0
DA:107,0
DA:108,0
DA:109,0
DA:121,0
DA:122,0
DA:123,0
LF:49
LH:0
end_of_record
SF:lib\view\auth_view\forgot_password_view\phone_view.dart
DA:4,0
DA:6,0
DA:8,0
DA:16,0
DA:17,0
DA:18,0
DA:22,0
DA:23,0
DA:24,0
DA:25,0
DA:26,0
DA:28,0
DA:29,0
DA:30,0
DA:31,0
DA:33,0
DA:35,0
DA:36,0
DA:42,0
DA:43,0
DA:50,0
DA:51,0
DA:57,0
DA:58,0
DA:59,0
DA:60,0
DA:61,0
DA:70,0
DA:75,0
DA:81,0
DA:82,0
DA:83,0
DA:84,0
DA:85,0
DA:96,0
DA:98,0
DA:100,0
DA:101,0
DA:103,0
DA:104,0
DA:106,0
DA:107,0
DA:109,0
LF:43
LH:0
end_of_record
SF:lib\view\auth_view\forgot_password_view\set_password_view.dart
DA:4,0
DA:6,0
DA:8,0
DA:16,0
DA:17,0
DA:18,0
DA:22,0
DA:23,0
DA:24,0
DA:25,0
DA:26,0
DA:27,0
DA:28,0
DA:30,0
DA:31,0
DA:32,0
DA:33,0
DA:35,0
DA:37,0
DA:38,0
DA:44,0
DA:45,0
DA:52,0
DA:53,0
DA:59,0
DA:60,0
DA:61,0
DA:68,0
DA:70,0
DA:71,0
DA:75,0
DA:76,0
DA:82,0
DA:83,0
DA:84,0
DA:91,0
DA:93,0
DA:94,0
DA:105,0
DA:106,0
DA:107,0
DA:108,0
DA:109,0
DA:121,0
DA:123,0
DA:124,0
DA:126,0
DA:127,0
DA:129,0
DA:130,0
DA:131,0
DA:133,0
DA:134,0
DA:136,0
DA:137,0
DA:139,0
DA:143,0
DA:150,0
DA:151,0
LF:59
LH:0
end_of_record
SF:lib\view\auth_view\register_account_flow\register_account_view.dart
DA:4,0
DA:6,0
DA:7,0
DA:13,0
DA:15,0
DA:16,0
DA:17,0
DA:20,0
DA:22,0
DA:30,0
DA:34,0
DA:35,0
DA:36,0
DA:37,0
DA:38,0
DA:39,0
DA:40,0
DA:41,0
DA:42,0
DA:44,0
DA:45,0
DA:46,0
DA:47,0
DA:48,0
DA:49,0
DA:51,0
DA:54,0
DA:56,0
DA:57,0
DA:58,0
DA:59,0
DA:60,0
DA:61,0
DA:63,0
DA:65,0
DA:66,0
DA:67,0
DA:71,0
DA:78,0
DA:80,0
DA:81,0
DA:82,0
DA:84,0
DA:85,0
DA:86,0
DA:88,0
DA:89,0
DA:90,0
DA:91,0
DA:92,0
DA:93,0
DA:96,0
DA:98,0
DA:99,0
DA:101,0
DA:102,0
DA:103,0
DA:104,0
DA:107,0
DA:109,0
DA:110,0
DA:112,0
DA:113,0
DA:114,0
DA:116,0
DA:118,0
DA:122,0
DA:123,0
DA:125,0
DA:126,0
DA:127,0
DA:129,0
DA:130,0
DA:131,0
DA:132,0
DA:133,0
DA:134,0
DA:137,0
DA:139,0
DA:140,0
DA:142,0
DA:143,0
DA:144,0
DA:145,0
DA:147,0
DA:149,0
DA:159,0
DA:160,0
DA:161,0
DA:162,0
DA:163,0
DA:164,0
DA:165,0
DA:166,0
DA:167,0
DA:169,0
DA:181,0
DA:182,0
DA:183,0
DA:184,0
DA:185,0
DA:186,0
DA:190,0
DA:193,0
DA:194,0
DA:195,0
DA:196,0
DA:197,0
DA:198,0
DA:199,0
DA:201,0
DA:207,0
DA:208,0
DA:209,0
DA:211,0
LF:115
LH:0
end_of_record
SF:lib\view\auth_view\register_account_flow\register_account_widget\register_account_widget.dart
DA:3,0
DA:4,0
DA:5,0
DA:6,0
DA:8,0
DA:9,0
DA:10,0
DA:17,0
DA:18,0
DA:22,0
DA:23,0
DA:26,0
DA:30,0
DA:31,0
DA:34,0
DA:38,0
DA:39,0
DA:48,0
DA:56,0
DA:57,0
DA:58,0
DA:60,0
DA:61,0
DA:62,0
DA:69,0
DA:70,0
DA:73,0
DA:74,0
DA:80,0
DA:81,0
DA:91,0
DA:94,0
DA:95,0
DA:101,0
DA:102,0
DA:112,0
DA:115,0
DA:116,0
DA:122,0
DA:123,0
DA:134,0
DA:135,0
DA:139,0
DA:140,0
DA:146,0
DA:147,0
DA:155,0
DA:157,0
DA:160,0
DA:162,0
DA:173,0
DA:182,0
DA:183,0
DA:184,0
DA:186,0
DA:187,0
DA:188,0
DA:194,0
DA:195,0
DA:201,0
DA:202,0
DA:212,0
DA:213,0
DA:217,0
DA:218,0
DA:224,0
DA:225,0
DA:235,0
DA:236,0
DA:245,0
DA:253,0
DA:254,0
DA:255,0
DA:256,0
DA:258,0
DA:259,0
DA:260,0
DA:266,0
DA:267,0
DA:268,0
DA:269,0
DA:270,0
DA:271,0
DA:272,0
DA:273,0
DA:274,0
DA:275,0
DA:276,0
DA:277,0
DA:280,0
DA:281,0
DA:284,0
DA:285,0
DA:286,0
DA:287,0
DA:295,0
DA:296,0
DA:297,0
DA:298,0
DA:308,0
DA:309,0
DA:315,0
DA:316,0
DA:326,0
DA:329,0
DA:330,0
DA:336,0
DA:337,0
DA:347,0
DA:350,0
DA:351,0
DA:357,0
DA:358,0
DA:366,0
DA:367,0
DA:368,0
DA:372,0
DA:373,0
DA:379,0
DA:380,0
DA:388,0
DA:389,0
DA:390,0
DA:394,0
DA:395,0
DA:401,0
DA:402,0
DA:413,0
DA:416,0
DA:417,0
DA:423,0
DA:424,0
DA:435,0
DA:438,0
DA:439,0
DA:445,0
DA:446,0
DA:447,0
DA:448,0
DA:449,0
DA:450,0
DA:451,0
DA:452,0
DA:454,0
DA:456,0
DA:457,0
DA:458,0
DA:459,0
DA:470,0
DA:471,0
DA:473,0
DA:474,0
DA:476,0
DA:477,0
DA:485,0
DA:488,0
DA:489,0
DA:490,0
DA:492,0
DA:494,0
DA:497,0
DA:498,0
DA:499,0
DA:500,0
DA:501,0
DA:503,0
DA:504,0
DA:505,0
DA:506,0
DA:513,0
DA:514,0
DA:521,0
DA:523,0
DA:524,0
DA:525,0
DA:529,0
DA:530,0
DA:533,0
DA:536,0
DA:537,0
DA:539,0
DA:540,0
DA:543,0
DA:546,0
DA:547,0
DA:552,0
DA:553,0
DA:554,0
DA:561,0
DA:562,0
DA:563,0
DA:570,0
DA:577,0
DA:583,0
DA:585,0
DA:586,0
DA:587,0
DA:588,0
DA:589,0
DA:590,0
DA:592,0
DA:593,0
DA:594,0
DA:595,0
DA:596,0
DA:597,0
DA:599,0
DA:600,0
DA:601,0
DA:604,0
DA:605,0
DA:606,0
DA:607,0
DA:608,0
DA:612,0
DA:613,0
LF:216
LH:0
end_of_record
SF:lib\view\auth_view\sign_in_view\sign_in_view.dart
DA:4,0
DA:6,0
DA:8,0
DA:11,0
DA:12,0
DA:13,0
DA:14,0
DA:17,0
DA:18,0
DA:19,0
DA:20,0
DA:21,0
DA:22,0
DA:23,0
DA:24,0
DA:27,0
DA:28,0
DA:29,0
DA:35,0
DA:36,0
DA:42,0
DA:43,0
DA:44,0
DA:53,0
DA:56,0
DA:57,0
DA:63,0
DA:64,0
DA:65,0
DA:72,0
DA:74,0
DA:75,0
DA:79,0
DA:80,0
DA:82,0
DA:83,0
DA:87,0
DA:88,0
DA:90,0
DA:93,0
DA:94,0
DA:96,0
DA:97,0
DA:100,0
DA:108,0
DA:109,0
DA:111,0
DA:112,0
DA:113,0
DA:115,0
DA:125,0
DA:126,0
DA:128,0
DA:129,0
DA:130,0
DA:132,0
DA:149,0
DA:150,0
DA:151,0
DA:152,0
DA:153,0
DA:165,0
DA:166,0
DA:168,0
DA:169,0
DA:170,0
DA:172,0
DA:173,0
DA:175,0
LF:69
LH:0
end_of_record
SF:lib\view\calender_view\calender_view.dart
DA:6,0
DA:8,0
DA:9,0
DA:33,0
DA:34,0
DA:35,0
DA:36,0
DA:40,0
DA:41,0
DA:44,0
DA:47,0
DA:54,0
DA:56,0
DA:57,0
DA:66,0
DA:67,0
DA:69,0
DA:70,0
DA:71,0
DA:72,0
DA:74,0
DA:75,0
DA:76,0
DA:78,0
DA:79,0
DA:80,0
DA:83,0
DA:84,0
DA:85,0
DA:86,0
DA:89,0
DA:91,0
DA:92,0
DA:93,0
DA:94,0
DA:95,0
DA:99,0
DA:100,0
DA:101,0
DA:102,0
DA:103,0
DA:115,0
DA:116,0
DA:117,0
DA:118,0
DA:119,0
DA:123,0
DA:124,0
DA:125,0
DA:126,0
DA:127,0
DA:140,0
DA:141,0
DA:142,0
DA:145,0
DA:146,0
DA:148,0
DA:151,0
DA:152,0
DA:155,0
DA:156,0
DA:158,0
DA:160,0
DA:166,0
DA:169,0
DA:170,0
DA:173,0
DA:174,0
DA:175,0
DA:177,0
DA:178,0
DA:179,0
DA:181,0
DA:182,0
DA:183,0
DA:187,0
DA:188,0
DA:189,0
DA:191,0
DA:192,0
DA:197,0
DA:198,0
DA:199,0
DA:201,0
DA:205,0
DA:206,0
DA:213,0
DA:214,0
DA:215,0
DA:216,0
DA:217,0
DA:219,0
DA:220,0
DA:221,0
DA:222,0
DA:224,0
DA:225,0
DA:226,0
DA:228,0
DA:229,0
DA:236,0
DA:240,0
DA:247,0
DA:258,0
DA:259,0
DA:265,0
DA:266,0
DA:267,0
DA:272,0
DA:273,0
DA:279,0
DA:280,0
DA:281,0
DA:284,0
DA:296,0
DA:297,0
DA:298,0
DA:299,0
DA:302,0
DA:303,0
DA:304,0
DA:305,0
DA:309,0
DA:310,0
DA:311,0
DA:317,0
DA:323,0
DA:324,0
DA:325,0
DA:326,0
DA:328,0
DA:330,0
DA:331,0
DA:333,0
DA:334,0
DA:343,0
DA:344,0
DA:347,0
DA:348,0
DA:349,0
DA:350,0
DA:351,0
DA:352,0
DA:353,0
DA:354,0
DA:355,0
DA:358,0
DA:360,0
DA:361,0
DA:363,0
DA:364,0
DA:365,0
DA:367,0
DA:368,0
DA:369,0
DA:372,0
DA:375,0
DA:376,0
DA:377,0
DA:378,0
DA:379,0
DA:386,0
DA:387,0
DA:394,0
DA:395,0
DA:397,0
DA:398,0
DA:404,0
DA:405,0
DA:419,0
DA:422,0
DA:423,0
DA:425,0
DA:426,0
DA:429,0
DA:430,0
DA:436,0
DA:437,0
DA:447,0
DA:448,0
DA:454,0
DA:457,0
DA:458,0
DA:464,0
DA:465,0
DA:476,0
DA:477,0
DA:485,0
DA:486,0
DA:488,0
DA:489,0
DA:492,0
DA:493,0
DA:495,0
DA:496,0
DA:498,0
DA:499,0
DA:502,0
DA:510,0
DA:511,0
DA:512,0
DA:513,0
DA:515,0
DA:516,0
DA:523,0
DA:527,0
DA:530,0
DA:531,0
DA:535,0
LF:209
LH:0
end_of_record
SF:lib\view\classes_view\classes_view.dart
DA:4,0
DA:6,0
DA:7,0
DA:11,0
DA:13,0
DA:21,0
DA:22,0
DA:24,0
DA:25,0
DA:26,0
DA:27,0
DA:30,0
DA:31,0
DA:32,0
DA:33,0
DA:35,0
DA:39,0
DA:40,0
DA:41,0
DA:47,0
DA:48,0
DA:49,0
DA:50,0
DA:57,0
DA:58,0
DA:67,0
DA:68,0
DA:69,0
DA:70,0
DA:71,0
DA:72,0
LF:31
LH:0
end_of_record
SF:lib\view\classes_view\widgets\classes_card.dart
DA:3,0
DA:4,0
DA:7,0
DA:8,0
DA:9,0
DA:10,0
DA:14,0
DA:15,0
DA:16,0
DA:22,0
DA:28,0
DA:30,0
DA:31,0
DA:32,0
DA:33,0
DA:34,0
DA:36,0
DA:38,0
DA:39,0
DA:41,0
DA:42,0
DA:47,0
DA:48,0
DA:49,0
DA:50,0
DA:51,0
DA:53,0
DA:55,0
DA:56,0
DA:58,0
DA:59,0
LF:31
LH:0
end_of_record
SF:lib\view\dashboard_view\dashboard_view.dart
DA:4,0
DA:6,0
DA:8,0
DA:10,0
DA:12,0
DA:13,0
DA:14,0
DA:15,0
DA:16,0
DA:17,0
DA:18,0
DA:19,0
DA:20,0
DA:25,0
DA:26,0
DA:31,0
DA:32,0
DA:33,0
DA:34,0
DA:37,0
DA:38,0
DA:39,0
DA:40,0
DA:41,0
DA:42,0
DA:43,0
DA:44,0
LF:27
LH:0
end_of_record
SF:lib\view\dashboard_view\dashboard_widget\dashboard_widget.dart
DA:3,0
DA:13,0
DA:15,0
DA:16,0
DA:17,0
DA:20,0
DA:23,0
DA:24,0
DA:25,0
DA:27,0
DA:30,0
DA:31,0
DA:32,0
DA:38,0
DA:48,0
DA:50,0
DA:52,0
DA:53,0
DA:54,0
DA:55,0
DA:56,0
DA:69,0
DA:70,0
DA:71,0
DA:72,0
DA:73,0
DA:79,0
DA:80,0
DA:81,0
DA:82,0
DA:83,0
DA:84,0
DA:85,0
DA:89,0
DA:90,0
DA:106,0
DA:107,0
DA:108,0
DA:109,0
DA:110,0
DA:111,0
DA:112,0
DA:113,0
DA:114,0
DA:115,0
DA:116,0
DA:117,0
DA:120,0
DA:121,0
DA:122,0
DA:128,0
DA:129,0
DA:132,0
DA:133,0
DA:134,0
DA:135,0
DA:136,0
DA:139,0
DA:145,0
DA:146,0
DA:154,0
DA:155,0
DA:156,0
DA:161,0
DA:164,0
DA:165,0
DA:170,0
DA:173,0
DA:174,0
DA:175,0
DA:185,0
DA:190,0
DA:191,0
DA:192,0
DA:193,0
DA:194,0
DA:195,0
DA:196,0
DA:197,0
DA:198,0
DA:199,0
DA:200,0
DA:201,0
DA:202,0
DA:203,0
DA:204,0
DA:205,0
DA:209,0
DA:210,0
DA:211,0
DA:212,0
DA:213,0
DA:214,0
DA:215,0
DA:216,0
DA:221,0
DA:222,0
DA:223,0
DA:224,0
DA:230,0
DA:231,0
DA:233,0
DA:236,0
DA:239,0
DA:240,0
DA:241,0
DA:242,0
DA:243,0
DA:244,0
DA:247,0
DA:251,0
DA:259,0
DA:260,0
DA:261,0
DA:263,0
DA:264,0
DA:265,0
DA:267,0
DA:268,0
DA:276,0
DA:281,0
DA:287,0
DA:288,0
DA:289,0
DA:295,0
DA:296,0
DA:298,0
DA:311,0
DA:317,0
DA:321,0
DA:322,0
DA:323,0
DA:324,0
DA:325,0
DA:327,0
DA:328,0
DA:329,0
DA:330,0
DA:333,0
DA:334,0
DA:335,0
DA:336,0
DA:337,0
DA:338,0
DA:340,0
DA:346,0
DA:347,0
DA:360,0
DA:366,0
DA:370,0
DA:371,0
DA:372,0
DA:373,0
DA:374,0
DA:376,0
DA:377,0
DA:378,0
DA:379,0
DA:381,0
DA:382,0
DA:383,0
DA:384,0
DA:385,0
DA:386,0
DA:388,0
DA:394,0
DA:395,0
DA:408,0
DA:416,0
DA:417,0
DA:418,0
DA:420,0
DA:421,0
DA:422,0
DA:423,0
DA:424,0
DA:425,0
DA:426,0
DA:429,0
DA:433,0
DA:434,0
DA:435,0
DA:436,0
DA:438,0
DA:439,0
DA:442,0
DA:443,0
DA:445,0
DA:446,0
DA:450,0
DA:451,0
DA:452,0
DA:453,0
DA:457,0
DA:458,0
DA:459,0
DA:460,0
DA:463,0
DA:464,0
DA:470,0
DA:472,0
DA:473,0
DA:479,0
DA:480,0
DA:484,0
DA:490,0
DA:492,0
DA:493,0
DA:499,0
DA:500,0
DA:507,0
DA:508,0
DA:509,0
DA:515,0
DA:516,0
DA:527,0
DA:528,0
DA:529,0
DA:536,0
DA:542,0
DA:543,0
DA:544,0
DA:545,0
DA:546,0
DA:547,0
DA:548,0
DA:549,0
DA:550,0
DA:551,0
DA:554,0
DA:557,0
DA:558,0
DA:559,0
DA:560,0
DA:563,0
DA:564,0
DA:565,0
DA:566,0
DA:572,0
DA:573,0
DA:580,0
DA:581,0
DA:582,0
DA:588,0
DA:598,0
DA:599,0
LF:246
LH:0
end_of_record
SF:lib\view\dashboard_view\dashboard_widget\no_nursery_add.dart
DA:3,0
DA:4,0
DA:7,0
DA:8,0
DA:9,0
DA:15,0
LF:6
LH:0
end_of_record
SF:lib\view\dashboard_view\dashboard_widget\no_subscription_card.dart
DA:3,0
DA:4,0
DA:7,0
DA:8,0
DA:9,0
DA:10,0
DA:11,0
DA:19,0
DA:20,0
DA:21,0
DA:29,0
DA:30,0
DA:31,0
DA:43,0
DA:45,0
LF:15
LH:0
end_of_record
SF:lib\view\dashboard_view\dashboard_widget\quick_action_bottom_sheet.dart
DA:5,0
DA:6,0
DA:7,0
DA:10,0
DA:12,0
DA:15,0
DA:17,0
DA:21,0
DA:23,0
DA:26,0
DA:29,0
DA:31,0
DA:34,0
DA:36,0
DA:39,0
DA:41,0
DA:44,0
DA:47,0
DA:49,0
DA:50,0
DA:51,0
DA:52,0
DA:58,0
DA:59,0
DA:60,0
DA:61,0
DA:62,0
DA:63,0
DA:64,0
DA:65,0
DA:66,0
DA:71,0
DA:72,0
DA:78,0
DA:79,0
DA:84,0
DA:85,0
DA:86,0
DA:87,0
DA:88,0
DA:89,0
DA:90,0
DA:97,0
DA:100,0
DA:101,0
DA:102,0
DA:103,0
DA:104,0
DA:105,0
DA:107,0
DA:108,0
DA:109,0
DA:110,0
DA:112,0
DA:114,0
DA:117,0
DA:118,0
DA:121,0
DA:124,0
DA:125,0
DA:126,0
DA:127,0
DA:128,0
DA:131,0
DA:132,0
DA:133,0
DA:143,0
DA:145,0
DA:146,0
DA:148,0
DA:149,0
DA:150,0
DA:151,0
DA:153,0
DA:155,0
DA:156,0
DA:158,0
DA:159,0
DA:160,0
DA:161,0
DA:163,0
DA:166,0
DA:167,0
DA:168,0
DA:169,0
DA:170,0
DA:173,0
DA:174,0
DA:175,0
DA:184,0
DA:197,0
DA:198,0
DA:199,0
DA:200,0
DA:201,0
DA:202,0
DA:203,0
DA:204,0
DA:207,0
DA:209,0
DA:210,0
DA:211,0
DA:212,0
DA:218,0
DA:219,0
DA:220,0
DA:221,0
DA:222,0
DA:223,0
DA:224,0
DA:225,0
DA:226,0
DA:231,0
DA:232,0
DA:238,0
DA:239,0
DA:244,0
DA:245,0
DA:251,0
DA:254,0
DA:255,0
DA:256,0
DA:257,0
DA:258,0
DA:259,0
DA:261,0
DA:263,0
DA:265,0
DA:267,0
DA:269,0
DA:273,0
DA:274,0
DA:275,0
DA:278,0
DA:279,0
DA:281,0
DA:283,0
DA:286,0
DA:287,0
DA:288,0
DA:289,0
DA:290,0
DA:293,0
DA:294,0
DA:296,0
DA:306,0
DA:308,0
DA:319,0
DA:320,0
DA:322,0
DA:326,0
DA:327,0
DA:328,0
DA:329,0
DA:332,0
DA:333,0
DA:334,0
DA:335,0
DA:337,0
DA:338,0
DA:339,0
DA:340,0
DA:341,0
DA:342,0
DA:343,0
DA:349,0
DA:350,0
DA:355,0
DA:356,0
DA:357,0
DA:358,0
DA:361,0
DA:362,0
DA:363,0
DA:370,0
DA:372,0
DA:373,0
DA:374,0
DA:379,0
DA:380,0
DA:386,0
DA:387,0
DA:389,0
DA:390,0
DA:391,0
DA:396,0
DA:401,0
DA:410,0
DA:411,0
DA:416,0
DA:418,0
DA:424,0
DA:425,0
DA:426,0
DA:427,0
DA:432,0
DA:437,0
DA:445,0
DA:446,0
DA:452,0
DA:454,0
DA:465,0
DA:469,0
DA:470,0
DA:482,0
DA:484,0
DA:496,0
DA:497,0
DA:499,0
DA:503,0
DA:504,0
DA:505,0
DA:506,0
DA:509,0
DA:510,0
DA:511,0
DA:512,0
DA:514,0
DA:515,0
DA:516,0
DA:517,0
DA:518,0
DA:519,0
DA:520,0
DA:526,0
DA:527,0
DA:532,0
DA:533,0
DA:534,0
DA:535,0
DA:538,0
DA:539,0
DA:540,0
DA:547,0
DA:549,0
DA:550,0
DA:551,0
DA:556,0
DA:557,0
DA:563,0
DA:565,0
DA:567,0
DA:568,0
DA:569,0
DA:574,0
DA:575,0
DA:580,0
DA:581,0
DA:586,0
DA:587,0
DA:592,0
DA:593,0
DA:598,0
DA:599,0
DA:604,0
DA:605,0
DA:610,0
DA:611,0
DA:616,0
DA:617,0
DA:626,0
DA:627,0
DA:632,0
DA:634,0
DA:640,0
DA:642,0
DA:653,0
DA:657,0
DA:658,0
DA:670,0
DA:683,0
DA:684,0
DA:685,0
DA:689,0
DA:690,0
DA:691,0
DA:692,0
DA:695,0
DA:696,0
DA:697,0
DA:698,0
DA:700,0
DA:701,0
DA:702,0
DA:703,0
DA:704,0
DA:705,0
DA:706,0
DA:712,0
DA:713,0
DA:718,0
DA:719,0
DA:720,0
DA:721,0
DA:724,0
DA:725,0
DA:726,0
DA:733,0
DA:735,0
DA:736,0
DA:737,0
DA:742,0
DA:743,0
DA:749,0
DA:751,0
DA:752,0
DA:753,0
DA:758,0
DA:765,0
DA:766,0
DA:771,0
DA:773,0
DA:779,0
DA:781,0
DA:782,0
DA:783,0
DA:788,0
DA:793,0
DA:801,0
DA:802,0
DA:808,0
DA:810,0
DA:821,0
DA:824,0
DA:825,0
DA:837,0
DA:850,0
DA:854,0
DA:855,0
DA:856,0
DA:857,0
DA:862,0
DA:864,0
DA:867,0
DA:877,0
DA:881,0
DA:882,0
DA:883,0
DA:884,0
DA:887,0
DA:888,0
DA:889,0
DA:890,0
DA:891,0
DA:892,0
DA:894,0
DA:895,0
DA:896,0
DA:897,0
DA:898,0
DA:903,0
DA:904,0
DA:910,0
DA:911,0
DA:916,0
DA:917,0
DA:918,0
DA:919,0
DA:920,0
DA:922,0
DA:925,0
DA:926,0
DA:927,0
DA:934,0
DA:938,0
DA:940,0
DA:941,0
DA:946,0
DA:947,0
DA:953,0
DA:955,0
DA:956,0
DA:957,0
DA:958,0
DA:962,0
DA:963,0
DA:964,0
DA:966,0
DA:968,0
DA:969,0
DA:970,0
DA:975,0
DA:984,0
DA:985,0
DA:991,0
DA:993,0
DA:994,0
DA:995,0
DA:996,0
DA:1000,0
DA:1001,0
DA:1002,0
DA:1004,0
DA:1006,0
DA:1007,0
DA:1008,0
DA:1013,0
DA:1022,0
DA:1023,0
DA:1029,0
DA:1031,0
DA:1042,0
DA:1046,0
DA:1047,0
DA:1059,0
DA:1074,0
DA:1075,0
DA:1077,0
DA:1081,0
DA:1082,0
DA:1083,0
DA:1084,0
DA:1087,0
DA:1088,0
DA:1089,0
DA:1090,0
DA:1092,0
DA:1093,0
DA:1094,0
DA:1095,0
DA:1096,0
DA:1097,0
DA:1098,0
DA:1104,0
DA:1105,0
DA:1110,0
DA:1111,0
DA:1112,0
DA:1113,0
DA:1116,0
DA:1117,0
DA:1118,0
DA:1125,0
DA:1127,0
DA:1128,0
DA:1129,0
DA:1135,0
DA:1136,0
DA:1142,0
DA:1143,0
DA:1144,0
DA:1145,0
DA:1150,0
DA:1151,0
DA:1156,0
DA:1157,0
DA:1164,0
DA:1165,0
DA:1170,0
DA:1172,0
DA:1178,0
DA:1180,0
DA:1191,0
DA:1195,0
DA:1196,0
DA:1208,0
DA:1221,0
DA:1222,0
DA:1224,0
DA:1228,0
DA:1229,0
DA:1230,0
DA:1231,0
DA:1234,0
DA:1235,0
DA:1236,0
DA:1237,0
DA:1239,0
DA:1240,0
DA:1241,0
DA:1242,0
DA:1243,0
DA:1244,0
DA:1245,0
DA:1251,0
DA:1252,0
DA:1257,0
DA:1258,0
DA:1259,0
DA:1260,0
DA:1263,0
DA:1264,0
DA:1265,0
DA:1272,0
DA:1274,0
DA:1275,0
DA:1276,0
DA:1281,0
DA:1282,0
DA:1283,0
DA:1284,0
DA:1285,0
DA:1287,0
DA:1288,0
DA:1290,0
DA:1293,0
DA:1294,0
DA:1295,0
DA:1296,0
DA:1306,0
DA:1308,0
DA:1314,0
DA:1316,0
DA:1327,0
DA:1330,0
DA:1334,0
DA:1339,0
DA:1340,0
DA:1341,0
DA:1342,0
DA:1354,0
DA:1357,0
DA:1366,0
DA:1367,0
DA:1371,0
DA:1372,0
DA:1373,0
DA:1374,0
DA:1377,0
DA:1378,0
DA:1379,0
DA:1380,0
DA:1382,0
DA:1383,0
DA:1384,0
DA:1385,0
DA:1386,0
DA:1387,0
DA:1388,0
DA:1394,0
DA:1395,0
DA:1400,0
DA:1401,0
DA:1402,0
DA:1403,0
DA:1406,0
DA:1407,0
DA:1408,0
DA:1415,0
DA:1416,0
DA:1417,0
DA:1418,0
DA:1424,0
DA:1428,0
DA:1433,0
DA:1434,0
DA:1446,0
LF:547
LH:0
end_of_record
SF:lib\view\reporting_view\widgets\reporting_food_card.dart
DA:4,0
DA:5,0
DA:8,0
DA:9,0
DA:10,0
DA:11,0
DA:12,0
DA:13,0
DA:14,0
DA:15,0
DA:18,0
DA:20,0
DA:21,0
DA:23,0
DA:24,0
DA:25,0
DA:27,0
DA:28,0
DA:29,0
DA:31,0
DA:37,0
DA:38,0
DA:42,0
DA:43,0
DA:44,0
DA:45,0
DA:47,0
DA:48,0
DA:53,0
DA:54,0
DA:60,0
DA:61,0
DA:62,0
DA:63,0
DA:65,0
DA:66,0
DA:71,0
DA:76,0
DA:84,0
DA:85,0
DA:90,0
DA:91,0
DA:97,0
DA:98,0
DA:99,0
DA:100,0
DA:102,0
DA:103,0
DA:108,0
DA:113,0
DA:121,0
DA:122,0
DA:128,0
DA:139,0
DA:145,0
DA:146,0
DA:151,0
DA:152,0
DA:153,0
DA:154,0
DA:156,0
DA:157,0
DA:164,0
DA:168,0
DA:170,0
DA:171,0
DA:176,0
DA:215,0
DA:220,0
DA:221,0
DA:223,0
DA:224,0
DA:225,0
DA:227,0
DA:228,0
DA:229,0
DA:233,0
DA:234,0
DA:235,0
DA:236,0
DA:237,0
DA:239,0
DA:241,0
DA:243,0
DA:244,0
DA:249,0
DA:250,0
DA:262,0
DA:267,0
DA:268,0
DA:270,0
DA:271,0
DA:272,0
DA:274,0
DA:275,0
DA:276,0
DA:280,0
DA:281,0
DA:282,0
DA:283,0
DA:284,0
DA:286,0
DA:288,0
DA:290,0
DA:291,0
DA:296,0
DA:297,0
LF:107
LH:0
end_of_record
SF:lib\view\splash_view\splash_view.dart
DA:4,0
DA:6,0
DA:7,0
DA:11,0
DA:13,0
DA:14,0
DA:15,0
DA:19,0
DA:21,0
DA:30,0
DA:33,0
DA:34,0
DA:35,0
DA:36,0
DA:39,0
DA:40,0
DA:43,0
DA:47,0
DA:48,0
LF:19
LH:0
end_of_record
SF:lib\view\host_view\host_view.dart
DA:7,0
DA:9,0
DA:10,0
DA:16,0
DA:17,0
DA:20,0
DA:22,0
DA:23,0
DA:24,0
DA:25,0
DA:28,0
DA:29,0
DA:30,0
DA:31,0
DA:32,0
DA:33,0
DA:34,0
DA:35,0
DA:37,0
DA:38,0
DA:39,0
DA:40,0
DA:41,0
DA:42,0
DA:46,0
DA:47,0
DA:48,0
DA:52,0
DA:54,0
DA:55,0
DA:61,0
DA:63,0
DA:65,0
DA:66,0
DA:67,0
DA:69,0
DA:70,0
DA:71,0
DA:72,0
DA:74,0
DA:75,0
DA:76,0
DA:79,0
DA:80,0
DA:84,0
DA:85,0
DA:86,0
DA:87,0
DA:89,0
DA:98,0
DA:99,0
DA:100,0
DA:101,0
DA:102,0
DA:105,0
DA:106,0
DA:107,0
DA:111,0
DA:112,0
DA:114,0
DA:115,0
DA:116,0
DA:117,0
DA:119,0
DA:120,0
DA:121,0
DA:124,0
DA:127,0
DA:129,0
DA:130,0
DA:131,0
DA:132,0
DA:133,0
DA:135,0
DA:136,0
DA:137,0
DA:138,0
DA:139,0
DA:142,0
DA:143,0
DA:153,0
DA:158,0
DA:159,0
DA:161,0
DA:162,0
DA:168,0
DA:169,0
DA:172,0
DA:176,0
DA:177,0
DA:178,0
DA:180,0
DA:181,0
DA:188,0
DA:292,0
DA:295,0
DA:296,0
DA:302,0
DA:308,0
DA:316,0
DA:318,0
DA:319,0
DA:320,0
DA:321,0
DA:322,0
DA:325,0
DA:327,0
DA:328,0
DA:330,0
DA:331,0
DA:332,0
DA:333,0
DA:334,0
DA:335,0
DA:338,0
DA:339,0
DA:341,0
DA:342,0
DA:343,0
DA:346,0
DA:350,0
DA:353,0
DA:354,0
DA:355,0
DA:356,0
DA:360,0
DA:362,0
DA:363,0
DA:364,0
DA:365,0
DA:372,0
DA:373,0
DA:374,0
DA:375,0
DA:376,0
DA:383,0
DA:384,0
DA:389,0
DA:391,0
DA:392,0
DA:393,0
DA:394,0
DA:396,0
DA:398,0
DA:399,0
DA:409,0
DA:413,0
DA:414,0
DA:416,0
DA:424,0
DA:425,0
DA:426,0
DA:428,0
DA:440,0
DA:441,0
DA:442,0
DA:444,0
DA:445,0
DA:446,0
DA:447,0
DA:448,0
DA:450,0
DA:454,0
DA:457,0
DA:458,0
DA:460,0
DA:461,0
DA:463,0
DA:468,0
DA:469,0
DA:470,0
DA:471,0
DA:472,0
DA:474,0
DA:475,0
DA:476,0
DA:478,0
DA:480,0
DA:482,0
DA:486,0
DA:497,0
DA:498,0
DA:499,0
DA:500,0
DA:503,0
DA:504,0
DA:506,0
DA:507,0
DA:508,0
DA:511,0
DA:515,0
DA:518,0
DA:519,0
DA:520,0
DA:521,0
DA:525,0
DA:527,0
DA:528,0
DA:529,0
DA:531,0
DA:532,0
DA:539,0
DA:540,0
DA:541,0
DA:542,0
DA:544,0
DA:545,0
DA:552,0
DA:553,0
DA:558,0
DA:560,0
DA:561,0
DA:562,0
DA:563,0
DA:565,0
DA:568,0
DA:569,0
DA:580,0
DA:584,0
DA:585,0
DA:587,0
DA:595,0
DA:596,0
DA:597,0
DA:599,0
DA:629,0
LF:226
LH:0
end_of_record
SF:lib\view\live_activity_view\live_activity_view.dart
DA:4,0
DA:5,0
DA:7,0
DA:11,0
DA:12,0
DA:21,0
DA:29,0
DA:37,0
DA:45,0
DA:53,0
DA:63,0
DA:64,0
DA:72,0
DA:73,0
DA:75,0
DA:76,0
DA:77,0
DA:78,0
DA:79,0
DA:80,0
DA:81,0
DA:82,0
DA:83,0
DA:85,0
DA:86,0
DA:100,0
DA:101,0
DA:105,0
DA:106,0
DA:116,0
DA:122,0
DA:129,0
DA:130,0
DA:131,0
DA:136,0
DA:137,0
LF:36
LH:0
end_of_record
SF:lib\view\live_activity_view\widgets\stepper.dart
DA:8,0
DA:15,0
DA:17,0
DA:20,0
DA:21,0
DA:22,0
DA:23,0
DA:24,0
DA:26,0
DA:27,0
DA:29,0
DA:30,0
DA:31,0
DA:33,0
DA:34,0
DA:35,0
DA:38,0
DA:39,0
DA:40,0
DA:41,0
DA:42,0
DA:43,0
DA:45,0
DA:46,0
DA:47,0
DA:48,0
DA:49,0
DA:57,0
DA:58,0
DA:59,0
DA:60,0
DA:61,0
DA:62,0
DA:63,0
DA:74,0
DA:75,0
DA:76,0
DA:81,0
DA:83,0
DA:84,0
DA:85,0
DA:86,0
DA:87,0
DA:88,0
DA:89,0
DA:90,0
DA:91,0
DA:92,0
DA:94,0
DA:96,0
DA:98,0
DA:99,0
DA:100,0
DA:106,0
DA:107,0
DA:108,0
DA:109,0
DA:111,0
DA:112,0
DA:114,0
DA:119,0
DA:120,0
DA:123,0
DA:124,0
DA:127,0
DA:131,0
DA:132,0
DA:133,0
DA:136,0
DA:144,0
DA:146,0
DA:171,0
DA:177,0
DA:180,0
DA:181,0
DA:182,0
DA:183,0
DA:184,0
DA:187,0
DA:188,0
DA:189,0
DA:190,0
DA:193,0
DA:197,0
DA:210,0
DA:222,0
DA:224,0
DA:225,0
DA:228,0
DA:229,0
DA:230,0
DA:233,0
DA:234,0
DA:235,0
DA:239,0
LF:95
LH:0
end_of_record
SF:lib\view\gallery_view\gallery_view.dart
DA:4,0
DA:6,0
DA:7,0
DA:11,0
DA:13,0
DA:21,0
DA:22,0
DA:24,0
DA:25,0
DA:26,0
DA:27,0
DA:28,0
DA:29,0
DA:30,0
DA:31,0
DA:32,0
DA:33,0
DA:34,0
DA:36,0
DA:37,0
DA:45,0
DA:46,0
DA:47,0
DA:48,0
DA:56,0
DA:64,0
LF:26
LH:0
end_of_record
SF:lib\view\gallery_view\widget\album_card.dart
DA:3,0
DA:10,0
DA:11,0
DA:12,0
DA:14,0
DA:15,0
DA:16,0
DA:17,0
DA:18,0
DA:19,0
DA:22,0
DA:23,0
DA:25,0
DA:27,0
DA:28,0
DA:29,0
DA:30,0
DA:32,0
DA:33,0
DA:37,0
DA:38,0
DA:39,0
DA:40,0
DA:41,0
DA:44,0
DA:45,0
DA:51,0
DA:52,0
DA:53,0
DA:54,0
DA:58,0
DA:60,0
DA:61,0
DA:62,0
DA:65,0
DA:69,0
DA:70,0
DA:71,0
DA:72,0
DA:74,0
DA:78,0
DA:79,0
DA:81,0
DA:82,0
DA:86,0
DA:94,0
DA:95,0
DA:96,0
DA:98,0
DA:99,0
DA:100,0
DA:101,0
DA:102,0
DA:104,0
DA:106,0
DA:107,0
DA:109,0
DA:110,0
DA:115,0
DA:116,0
DA:117,0
DA:118,0
DA:119,0
DA:120,0
DA:121,0
DA:123,0
DA:124,0
DA:126,0
DA:127,0
LF:69
LH:0
end_of_record
SF:lib\view\gallery_view\album_view.dart
DA:6,0
DA:12,0
DA:13,0
DA:27,0
DA:29,0
DA:37,0
DA:38,0
DA:40,0
DA:41,0
DA:42,0
DA:43,0
DA:49,0
DA:50,0
DA:52,0
DA:53,0
DA:54,0
DA:55,0
DA:57,0
DA:58,0
DA:62,0
LF:20
LH:0
end_of_record
SF:lib\view\inventory_view\inventory_view.dart
DA:4,0
DA:6,0
DA:7,0
DA:14,0
DA:16,0
DA:17,0
DA:20,0
DA:22,0
DA:30,0
DA:31,0
DA:33,0
DA:34,0
DA:35,0
DA:36,0
DA:37,0
DA:38,0
DA:39,0
DA:40,0
DA:41,0
DA:42,0
DA:43,0
DA:45,0
DA:46,0
DA:47,0
DA:48,0
DA:49,0
DA:56,0
DA:57,0
DA:66,0
DA:67,0
DA:68,0
DA:69,0
DA:70,0
DA:71,0
DA:73,0
DA:80,0
DA:82,0
DA:83,0
DA:84,0
DA:85,0
DA:86,0
DA:93,0
DA:94,0
DA:102,0
DA:103,0
DA:104,0
DA:105,0
DA:106,0
DA:108,0
LF:49
LH:0
end_of_record
SF:lib\view\inventory_view\widgets\inventory_card.dart
DA:3,0
DA:4,0
DA:7,0
DA:8,0
DA:9,0
DA:10,0
DA:14,0
DA:15,0
DA:21,0
DA:27,0
DA:29,0
DA:30,0
DA:31,0
DA:32,0
DA:33,0
DA:35,0
DA:37,0
DA:38,0
DA:40,0
DA:41,0
DA:46,0
DA:47,0
DA:48,0
DA:49,0
DA:50,0
DA:52,0
DA:54,0
DA:55,0
DA:57,0
DA:58,0
DA:63,0
DA:64,0
DA:65,0
DA:66,0
DA:67,0
DA:69,0
DA:71,0
DA:72,0
DA:74,0
DA:75,0
DA:86,0
DA:87,0
DA:90,0
DA:91,0
DA:92,0
DA:93,0
DA:97,0
DA:98,0
DA:104,0
DA:105,0
DA:106,0
DA:107,0
DA:109,0
DA:111,0
DA:112,0
DA:114,0
DA:115,0
LF:57
LH:0
end_of_record
SF:lib\view\reporting_view\reporting_view.dart
DA:4,0
DA:6,0
DA:7,0
DA:19,0
DA:21,0
DA:22,0
DA:25,0
DA:27,0
DA:36,0
DA:37,0
DA:39,0
DA:40,0
DA:41,0
DA:44,0
DA:45,0
DA:46,0
DA:47,0
DA:48,0
DA:50,0
DA:62,0
DA:66,0
DA:67,0
DA:68,0
DA:69,0
DA:70,0
DA:72,0
DA:73,0
DA:74,0
DA:87,0
DA:88,0
DA:92,0
DA:102,0
DA:103,0
DA:104,0
DA:105,0
DA:112,0
DA:113,0
DA:114,0
DA:115,0
DA:117,0
DA:118,0
DA:119,0
DA:120,0
DA:121,0
DA:122,0
DA:128,0
DA:134,0
DA:142,0
DA:143,0
DA:144,0
DA:150,0
DA:156,0
LF:52
LH:0
end_of_record
SF:lib\view\reporting_view\widgets\reporting_card.dart
DA:5,0
DA:11,0
DA:12,0
DA:13,0
DA:14,0
DA:15,0
DA:16,0
DA:19,0
DA:22,0
DA:23,0
DA:24,0
DA:26,0
DA:27,0
DA:28,0
DA:29,0
DA:30,0
DA:31,0
DA:33,0
DA:37,0
DA:43,0
DA:49,0
DA:51,0
DA:52,0
DA:53,0
DA:54,0
DA:60,0
DA:61,0
DA:62,0
DA:63,0
DA:65,0
DA:67,0
LF:31
LH:0
end_of_record
SF:lib\view\kids_view\kids_view.dart
DA:4,0
DA:6,0
DA:7,0
DA:16,0
DA:18,0
DA:26,0
DA:27,0
DA:29,0
DA:30,0
DA:31,0
DA:32,0
DA:33,0
DA:34,0
DA:35,0
DA:37,0
DA:49,0
DA:53,0
DA:54,0
DA:56,0
DA:57,0
DA:66,0
DA:67,0
DA:68,0
DA:69,0
DA:72,0
DA:73,0
DA:82,0
DA:83,0
DA:84,0
DA:85,0
DA:90,0
DA:91,0
DA:96,0
DA:97,0
DA:99,0
DA:100,0
DA:101,0
DA:102,0
DA:109,0
DA:110,0
DA:118,0
DA:119,0
DA:120,0
DA:122,0
DA:123,0
DA:124,0
DA:125,0
DA:127,0
DA:128,0
DA:132,0
DA:133,0
DA:134,0
DA:135,0
DA:147,0
DA:148,0
DA:149,0
DA:150,0
LF:57
LH:0
end_of_record
SF:lib\view\kids_view\widgets\kids_card.dart
DA:4,0
DA:5,0
DA:8,0
DA:9,0
DA:10,0
DA:12,0
DA:13,0
DA:14,0
DA:17,0
DA:20,0
DA:26,0
DA:32,0
DA:34,0
DA:36,0
DA:37,0
DA:39,0
DA:40,0
DA:41,0
DA:43,0
DA:44,0
DA:46,0
DA:47,0
DA:51,0
DA:52,0
DA:60,0
DA:61,0
DA:68,0
DA:76,0
DA:77,0
DA:78,0
DA:79,0
DA:81,0
DA:83,0
DA:94,0
DA:102,0
DA:104,0
DA:105,0
DA:107,0
DA:108,0
DA:109,0
DA:111,0
DA:113,0
DA:115,0
DA:116,0
DA:117,0
DA:118,0
DA:125,0
DA:126,0
DA:129,0
DA:137,0
DA:138,0
DA:139,0
DA:141,0
LF:53
LH:0
end_of_record
SF:lib\view\kids_view\add_kid_view.dart
DA:7,0
DA:9,0
DA:10,0
DA:34,0
DA:36,0
DA:37,0
DA:38,0
DA:39,0
DA:40,0
DA:41,0
DA:42,0
DA:43,0
DA:44,0
DA:45,0
DA:46,0
DA:47,0
DA:48,0
DA:49,0
DA:50,0
DA:51,0
DA:52,0
DA:53,0
DA:55,0
DA:56,0
DA:57,0
DA:58,0
DA:59,0
DA:60,0
DA:61,0
DA:62,0
DA:65,0
DA:66,0
DA:67,0
DA:68,0
DA:69,0
DA:72,0
DA:73,0
DA:74,0
DA:75,0
DA:77,0
DA:78,0
DA:79,0
DA:80,0
DA:85,0
DA:87,0
DA:88,0
DA:89,0
DA:90,0
DA:91,0
DA:92,0
DA:93,0
DA:94,0
DA:95,0
DA:96,0
DA:97,0
DA:98,0
DA:99,0
DA:100,0
DA:101,0
DA:102,0
DA:105,0
DA:107,0
DA:116,0
DA:117,0
DA:119,0
DA:121,0
DA:123,0
DA:124,0
DA:125,0
DA:126,0
DA:127,0
DA:129,0
DA:130,0
DA:131,0
DA:133,0
DA:134,0
DA:135,0
DA:136,0
DA:138,0
DA:149,0
DA:151,0
DA:152,0
DA:153,0
DA:154,0
DA:159,0
DA:163,0
DA:165,0
DA:177,0
LF:88
LH:0
end_of_record
SF:lib\view\kids_view\widgets\kids_contact_card.dart
DA:38,0
DA:39,0
DA:40,0
DA:41,0
DA:42,0
DA:43,0
DA:44,0
DA:45,0
DA:46,0
DA:47,0
DA:48,0
DA:49,0
DA:51,0
DA:52,0
DA:54,0
DA:55,0
DA:56,0
DA:58,0
DA:59,0
DA:60,0
DA:61,0
DA:62,0
DA:72,0
DA:77,0
DA:79,0
DA:80,0
DA:84,0
DA:85,0
DA:91,0
DA:92,0
DA:93,0
DA:94,0
DA:95,0
DA:96,0
DA:98,0
DA:100,0
DA:101,0
DA:102,0
DA:103,0
DA:104,0
DA:106,0
DA:107,0
DA:108,0
DA:111,0
DA:115,0
DA:116,0
DA:118,0
DA:119,0
DA:123,0
DA:128,0
DA:136,0
DA:148,0
DA:149,0
DA:150,0
DA:151,0
DA:153,0
DA:154,0
DA:156,0
DA:159,0
DA:160,0
DA:162,0
DA:165,0
DA:166,0
DA:167,0
DA:168,0
DA:173,0
DA:174,0
DA:176,0
DA:177,0
DA:178,0
DA:179,0
DA:181,0
DA:183,0
DA:184,0
DA:186,0
DA:187,0
DA:195,0
DA:196,0
DA:197,0
DA:203,0
DA:204,0
DA:214,0
DA:217,0
DA:218,0
DA:224,0
DA:225,0
DA:235,0
DA:238,0
DA:239,0
DA:245,0
DA:246,0
DA:256,0
DA:259,0
DA:260,0
DA:266,0
DA:267,0
DA:277,0
DA:280,0
DA:281,0
DA:283,0
DA:284,0
DA:288,0
DA:290,0
DA:291,0
DA:293,0
DA:295,0
DA:299,0
DA:312,0
DA:324,0
DA:325,0
DA:326,0
DA:327,0
DA:329,0
DA:330,0
DA:332,0
DA:335,0
DA:336,0
DA:338,0
DA:340,0
DA:343,0
DA:344,0
DA:345,0
DA:346,0
DA:351,0
DA:352,0
DA:354,0
DA:355,0
DA:356,0
DA:357,0
DA:359,0
DA:361,0
DA:362,0
DA:364,0
DA:365,0
DA:373,0
DA:374,0
DA:380,0
DA:381,0
DA:391,0
DA:394,0
DA:395,0
DA:401,0
DA:402,0
DA:412,0
DA:415,0
DA:416,0
DA:422,0
DA:423,0
DA:433,0
DA:436,0
DA:437,0
DA:439,0
DA:440,0
DA:444,0
DA:446,0
DA:447,0
DA:449,0
DA:451,0
DA:456,0
DA:462,0
LF:160
LH:0
end_of_record
SF:lib\view\kids_view\widgets\kid_medical_card.dart
DA:3,0
DA:10,0
DA:11,0
DA:12,0
DA:13,0
DA:14,0
DA:15,0
DA:16,0
DA:17,0
DA:18,0
DA:19,0
DA:20,0
DA:21,0
DA:23,0
DA:24,0
DA:25,0
DA:27,0
DA:28,0
DA:29,0
DA:31,0
DA:36,0
DA:37,0
DA:39,0
DA:40,0
DA:44,0
DA:45,0
DA:50,0
DA:51,0
DA:52,0
DA:54,0
DA:55,0
DA:56,0
DA:58,0
DA:59,0
DA:60,0
DA:61,0
DA:63,0
DA:64,0
DA:66,0
DA:70,0
DA:71,0
DA:73,0
DA:74,0
DA:78,0
DA:83,0
DA:92,0
DA:100,0
DA:101,0
DA:102,0
DA:103,0
DA:105,0
DA:106,0
DA:108,0
DA:111,0
DA:112,0
DA:114,0
DA:117,0
DA:119,0
DA:120,0
DA:125,0
DA:126,0
DA:128,0
DA:129,0
DA:130,0
DA:131,0
DA:133,0
DA:135,0
DA:136,0
DA:138,0
DA:139,0
DA:147,0
DA:148,0
DA:154,0
DA:155,0
DA:165,0
DA:168,0
DA:169,0
DA:175,0
DA:176,0
DA:186,0
DA:194,0
DA:202,0
DA:203,0
DA:204,0
DA:205,0
DA:207,0
DA:208,0
DA:210,0
DA:212,0
DA:213,0
DA:215,0
DA:218,0
DA:219,0
DA:220,0
DA:221,0
DA:226,0
DA:227,0
DA:229,0
DA:230,0
DA:231,0
DA:232,0
DA:234,0
DA:236,0
DA:237,0
DA:239,0
DA:240,0
DA:248,0
DA:249,0
DA:255,0
DA:256,0
DA:266,0
DA:269,0
DA:270,0
DA:276,0
DA:277,0
DA:287,0
LF:116
LH:0
end_of_record
SF:lib\view\kids_view\kid_view_detail.dart
DA:4,0
DA:6,0
DA:7,0
DA:16,0
DA:18,0
DA:19,0
DA:23,0
DA:25,0
DA:33,0
DA:34,0
DA:36,0
DA:37,0
DA:38,0
DA:41,0
DA:42,0
DA:43,0
DA:44,0
DA:45,0
DA:46,0
DA:47,0
DA:49,0
DA:51,0
DA:52,0
DA:53,0
DA:54,0
DA:55,0
DA:57,0
DA:58,0
DA:62,0
DA:63,0
DA:66,0
DA:67,0
DA:73,0
DA:84,0
DA:85,0
DA:86,0
DA:87,0
DA:88,0
DA:89,0
DA:90,0
DA:91,0
DA:92,0
DA:93,0
DA:94,0
DA:98,0
LF:45
LH:0
end_of_record
SF:lib\view\kids_view\widgets\kid_view_contact_card.dart
DA:3,0
DA:4,0
DA:5,0
DA:6,0
DA:7,0
DA:8,0
DA:9,0
DA:10,0
DA:12,0
DA:13,0
DA:15,0
DA:16,0
DA:18,0
DA:19,0
DA:20,0
DA:27,0
DA:28,0
DA:33,0
DA:34,0
DA:40,0
DA:41,0
DA:47,0
DA:48,0
DA:54,0
DA:55,0
DA:61,0
DA:62,0
DA:64,0
DA:65,0
DA:66,0
DA:67,0
DA:73,0
DA:74,0
DA:80,0
DA:83,0
DA:84,0
DA:85,0
DA:86,0
DA:88,0
DA:89,0
DA:92,0
DA:96,0
DA:102,0
DA:103,0
DA:109,0
DA:110,0
DA:116,0
DA:117,0
DA:123,0
DA:128,0
DA:129,0
DA:134,0
DA:135,0
DA:136,0
DA:137,0
DA:138,0
DA:140,0
DA:141,0
DA:143,0
DA:144,0
DA:146,0
DA:147,0
DA:148,0
DA:155,0
DA:156,0
DA:161,0
DA:162,0
DA:168,0
DA:169,0
DA:175,0
DA:176,0
DA:178,0
DA:179,0
DA:181,0
DA:182,0
DA:188,0
DA:189,0
DA:195,0
DA:198,0
DA:199,0
DA:200,0
DA:201,0
DA:203,0
DA:204,0
DA:207,0
DA:211,0
DA:217,0
DA:218,0
DA:224,0
DA:225,0
DA:231,0
DA:232,0
LF:92
LH:0
end_of_record
SF:lib\view\kids_view\widgets\kid_view_info_card.dart
DA:3,0
DA:4,0
DA:5,0
DA:6,0
DA:7,0
DA:8,0
DA:9,0
DA:10,0
DA:12,0
DA:13,0
DA:15,0
DA:16,0
DA:18,0
DA:19,0
DA:20,0
DA:27,0
DA:28,0
DA:33,0
DA:34,0
DA:40,0
DA:41,0
DA:47,0
DA:48,0
DA:54,0
DA:55,0
DA:61,0
DA:62,0
DA:68,0
DA:69,0
DA:75,0
DA:76,0
DA:82,0
DA:83,0
DA:89,0
DA:90,0
DA:96,0
DA:97,0
DA:103,0
DA:104,0
DA:110,0
DA:111,0
DA:117,0
DA:118,0
DA:124,0
DA:125,0
DA:135,0
DA:136,0
DA:141,0
DA:142,0
DA:143,0
DA:144,0
DA:145,0
DA:147,0
DA:148,0
DA:150,0
DA:152,0
DA:153,0
DA:154,0
DA:161,0
DA:162,0
DA:167,0
DA:168,0
DA:169,0
DA:170,0
DA:174,0
DA:180,0
DA:181,0
DA:182,0
DA:183,0
DA:184,0
DA:185,0
DA:186,0
DA:187,0
DA:189,0
DA:191,0
DA:192,0
DA:193,0
DA:194,0
DA:195,0
DA:198,0
DA:200,0
DA:203,0
DA:204,0
DA:207,0
DA:208,0
DA:214,0
LF:86
LH:0
end_of_record
SF:lib\view\kids_view\widgets\kid_view_medicine_card.dart
DA:3,0
DA:4,0
DA:5,0
DA:6,0
DA:7,0
DA:8,0
DA:9,0
DA:10,0
DA:12,0
DA:13,0
DA:15,0
DA:16,0
DA:18,0
DA:19,0
DA:20,0
DA:27,0
DA:28,0
DA:33,0
DA:34,0
DA:40,0
DA:41,0
DA:48,0
DA:49,0
DA:55,0
DA:56,0
DA:63,0
DA:68,0
DA:69,0
DA:74,0
DA:75,0
DA:76,0
DA:77,0
DA:78,0
DA:80,0
DA:81,0
DA:83,0
DA:84,0
DA:86,0
DA:87,0
DA:88,0
DA:95,0
DA:96,0
DA:101,0
DA:102,0
DA:108,0
DA:109,0
DA:116,0
DA:117,0
DA:123,0
DA:124,0
DA:131,0
LF:51
LH:0
end_of_record
SF:lib\view\notification_view\notification_view.dart
DA:4,0
DA:6,0
DA:7,0
DA:40,0
DA:42,0
DA:50,0
DA:51,0
DA:53,0
DA:54,0
DA:55,0
DA:56,0
DA:57,0
DA:58,0
DA:60,0
DA:61,0
DA:62,0
DA:63,0
DA:65,0
DA:66,0
DA:68,0
DA:76,0
DA:83,0
DA:85,0
DA:86,0
DA:87,0
DA:88,0
DA:89,0
DA:90,0
DA:92,0
DA:93,0
DA:95,0
DA:96,0
DA:97,0
DA:102,0
DA:110,0
DA:111,0
DA:112,0
LF:37
LH:0
end_of_record
SF:lib\view\message_view\widgets\view_user_detail_card.dart
DA:5,0
DA:6,0
DA:9,0
DA:10,0
DA:11,0
DA:12,0
DA:13,0
DA:14,0
DA:15,0
DA:18,0
DA:20,0
DA:21,0
DA:23,0
DA:24,0
DA:25,0
DA:27,0
DA:28,0
DA:34,0
DA:35,0
DA:36,0
DA:38,0
DA:42,0
DA:43,0
DA:56,0
DA:57,0
DA:60,0
DA:61,0
DA:62,0
DA:63,0
DA:64,0
DA:65,0
DA:66,0
DA:69,0
DA:71,0
DA:72,0
DA:74,0
DA:75,0
DA:76,0
DA:78,0
DA:79,0
DA:85,0
DA:86,0
DA:87,0
DA:89,0
DA:93,0
DA:94,0
DA:95,0
DA:96,0
DA:97,0
DA:98,0
DA:100,0
DA:107,0
DA:108,0
DA:113,0
DA:114,0
DA:116,0
DA:123,0
DA:124,0
DA:129,0
DA:145,0
DA:146,0
DA:149,0
DA:150,0
DA:151,0
DA:152,0
DA:153,0
DA:154,0
DA:155,0
DA:158,0
DA:160,0
DA:161,0
DA:163,0
DA:164,0
DA:165,0
DA:167,0
DA:168,0
DA:174,0
DA:175,0
DA:176,0
DA:178,0
DA:182,0
DA:183,0
DA:184,0
DA:185,0
DA:186,0
DA:187,0
DA:192,0
DA:208,0
DA:213,0
DA:214,0
DA:215,0
DA:216,0
DA:217,0
DA:218,0
DA:220,0
DA:221,0
DA:222,0
DA:225,0
DA:227,0
DA:228,0
DA:231,0
DA:232,0
DA:238,0
DA:247,0
DA:248,0
DA:249,0
DA:250,0
DA:251,0
DA:253,0
DA:255,0
LF:110
LH:0
end_of_record
SF:lib\view\finance_view\finance_view.dart
DA:5,0
DA:7,0
DA:8,0
DA:18,0
DA:20,0
DA:21,0
DA:24,0
DA:26,0
DA:34,0
DA:35,0
DA:40,0
DA:41,0
DA:42,0
DA:43,0
DA:44,0
DA:45,0
DA:46,0
DA:48,0
DA:50,0
DA:51,0
DA:57,0
DA:58,0
DA:59,0
DA:60,0
DA:61,0
DA:62,0
DA:64,0
DA:70,0
DA:72,0
DA:74,0
DA:75,0
DA:76,0
DA:79,0
DA:80,0
DA:81,0
DA:82,0
DA:83,0
DA:84,0
DA:91,0
DA:98,0
DA:105,0
DA:113,0
DA:114,0
DA:119,0
DA:120,0
DA:122,0
DA:124,0
DA:125,0
DA:126,0
DA:127,0
DA:128,0
DA:129,0
DA:130,0
DA:131,0
DA:132,0
DA:133,0
DA:134,0
DA:136,0
DA:137,0
DA:138,0
DA:140,0
DA:153,0
DA:156,0
DA:157,0
DA:167,0
DA:172,0
DA:173,0
DA:174,0
DA:180,0
DA:181,0
DA:182,0
DA:188,0
DA:191,0
DA:192,0
DA:193,0
DA:194,0
DA:196,0
DA:198,0
DA:199,0
DA:200,0
DA:206,0
DA:207,0
DA:208,0
DA:209,0
DA:210,0
DA:211,0
DA:212,0
DA:214,0
DA:217,0
DA:218,0
DA:225,0
DA:230,0
DA:231,0
DA:235,0
DA:238,0
DA:240,0
DA:241,0
DA:245,0
DA:250,0
DA:251,0
DA:255,0
DA:263,0
DA:264,0
DA:265,0
DA:266,0
DA:267,0
DA:269,0
DA:281,0
DA:284,0
DA:285,0
DA:286,0
DA:292,0
DA:295,0
DA:296,0
DA:297,0
DA:298,0
DA:300,0
DA:302,0
DA:303,0
DA:304,0
DA:310,0
DA:311,0
DA:312,0
DA:313,0
DA:314,0
DA:315,0
DA:316,0
DA:318,0
DA:321,0
DA:322,0
DA:329,0
DA:334,0
DA:335,0
DA:339,0
DA:342,0
DA:344,0
DA:345,0
DA:349,0
DA:352,0
DA:354,0
DA:356,0
DA:360,0
DA:363,0
DA:368,0
DA:369,0
DA:370,0
DA:371,0
DA:372,0
DA:374,0
DA:386,0
DA:389,0
DA:390,0
DA:391,0
DA:397,0
DA:400,0
DA:401,0
DA:402,0
DA:403,0
DA:405,0
DA:407,0
DA:408,0
DA:409,0
DA:415,0
DA:416,0
DA:417,0
DA:418,0
DA:419,0
DA:420,0
DA:421,0
DA:423,0
DA:426,0
DA:427,0
DA:434,0
DA:439,0
DA:440,0
DA:444,0
DA:447,0
DA:449,0
DA:450,0
DA:454,0
DA:457,0
DA:459,0
DA:461,0
DA:465,0
DA:468,0
LF:185
LH:0
end_of_record
SF:lib\view\setting_view\setting_view.dart
DA:4,0
DA:6,0
DA:8,0
DA:9,0
DA:17,0
DA:19,0
DA:20,0
DA:21,0
DA:22,0
DA:25,0
DA:29,0
DA:30,0
DA:34,0
DA:35,0
DA:38,0
DA:39,0
DA:43,0
DA:44,0
DA:47,0
DA:51,0
DA:52,0
DA:55,0
DA:59,0
DA:60,0
DA:64,0
DA:68,0
DA:69,0
DA:74,0
DA:78,0
DA:79,0
DA:82,0
DA:86,0
DA:87,0
DA:90,0
DA:94,0
DA:95,0
DA:98,0
DA:102,0
DA:103,0
DA:114,0
DA:120,0
DA:121,0
DA:122,0
DA:124,0
DA:125,0
DA:126,0
DA:128,0
DA:129,0
DA:132,0
DA:133,0
DA:134,0
DA:141,0
DA:142,0
DA:143,0
LF:54
LH:0
end_of_record
SF:lib\view\setting_view\setting_info_view.dart
DA:4,0
DA:6,0
DA:7,0
DA:16,0
DA:18,0
DA:21,0
DA:22,0
DA:23,0
DA:24,0
DA:27,0
DA:30,0
DA:33,0
DA:34,0
DA:35,0
DA:36,0
DA:37,0
DA:40,0
DA:42,0
DA:50,0
DA:52,0
DA:53,0
DA:54,0
DA:55,0
DA:58,0
DA:61,0
DA:62,0
DA:63,0
DA:65,0
DA:66,0
DA:67,0
DA:68,0
DA:72,0
DA:73,0
DA:75,0
DA:76,0
DA:79,0
DA:81,0
DA:82,0
DA:89,0
DA:91,0
DA:96,0
DA:99,0
DA:108,0
DA:110,0
DA:117,0
DA:118,0
DA:123,0
DA:124,0
DA:130,0
DA:131,0
DA:132,0
DA:141,0
DA:144,0
DA:145,0
DA:151,0
DA:152,0
DA:153,0
DA:162,0
DA:165,0
DA:166,0
DA:172,0
DA:173,0
DA:174,0
DA:186,0
DA:187,0
DA:191,0
DA:192,0
DA:198,0
DA:199,0
DA:207,0
DA:208,0
DA:209,0
DA:210,0
DA:213,0
DA:214,0
DA:220,0
DA:221,0
DA:222,0
DA:232,0
DA:239,0
DA:240,0
DA:241,0
DA:253,0
DA:254,0
LF:84
LH:0
end_of_record
SF:lib\view\setting_view\setting_nursery_info.dart
DA:4,0
DA:6,0
DA:7,0
DA:21,0
DA:23,0
DA:24,0
DA:25,0
DA:26,0
DA:27,0
DA:30,0
DA:32,0
DA:40,0
DA:42,0
DA:43,0
DA:44,0
DA:45,0
DA:48,0
DA:51,0
DA:52,0
DA:53,0
DA:54,0
DA:55,0
DA:57,0
DA:58,0
DA:59,0
DA:60,0
DA:64,0
DA:65,0
DA:66,0
DA:67,0
DA:68,0
DA:69,0
DA:71,0
DA:72,0
DA:80,0
DA:82,0
DA:87,0
DA:88,0
DA:94,0
DA:95,0
DA:96,0
DA:105,0
DA:108,0
DA:109,0
DA:115,0
DA:116,0
DA:117,0
DA:126,0
DA:129,0
DA:130,0
DA:136,0
DA:137,0
DA:138,0
DA:147,0
DA:150,0
DA:151,0
DA:157,0
DA:158,0
DA:159,0
DA:168,0
DA:171,0
DA:172,0
DA:178,0
DA:179,0
DA:180,0
DA:189,0
DA:192,0
DA:193,0
DA:199,0
DA:200,0
DA:201,0
DA:210,0
DA:213,0
DA:214,0
DA:220,0
DA:221,0
DA:222,0
DA:231,0
DA:234,0
DA:235,0
DA:241,0
DA:243,0
DA:244,0
DA:245,0
DA:246,0
DA:247,0
DA:248,0
DA:249,0
DA:251,0
DA:252,0
DA:254,0
DA:256,0
DA:257,0
DA:258,0
DA:259,0
DA:268,0
DA:269,0
DA:270,0
DA:282,0
LF:99
LH:0
end_of_record
SF:lib\view\setting_view\setting_send_notification.dart
DA:4,0
DA:6,0
DA:8,0
DA:16,0
DA:18,0
DA:19,0
DA:20,0
DA:24,0
DA:27,0
DA:29,0
DA:30,0
DA:31,0
DA:34,0
DA:36,0
DA:45,0
DA:47,0
DA:48,0
DA:49,0
DA:50,0
DA:52,0
DA:54,0
DA:55,0
DA:56,0
DA:57,0
DA:58,0
DA:59,0
DA:60,0
DA:61,0
DA:62,0
DA:64,0
DA:65,0
DA:67,0
DA:68,0
DA:74,0
DA:79,0
DA:80,0
DA:86,0
DA:87,0
DA:95,0
DA:96,0
DA:97,0
DA:98,0
DA:99,0
DA:103,0
DA:104,0
DA:110,0
DA:111,0
DA:113,0
DA:116,0
DA:124,0
DA:125,0
DA:131,0
DA:132,0
DA:133,0
DA:134,0
DA:135,0
DA:137,0
DA:153,0
DA:154,0
DA:155,0
DA:167,0
DA:168,0
LF:62
LH:0
end_of_record
SF:lib\view\setting_view\setting_permission_view.dart
DA:4,0
DA:6,0
DA:7,0
DA:14,0
DA:16,0
DA:24,0
DA:25,0
DA:27,0
DA:28,0
DA:29,0
DA:30,0
DA:31,0
DA:32,0
DA:33,0
DA:35,0
DA:47,0
DA:50,0
DA:51,0
DA:60,0
DA:61,0
DA:62,0
DA:63,0
DA:66,0
DA:67,0
DA:72,0
DA:73,0
DA:74,0
DA:75,0
DA:82,0
DA:83,0
DA:91,0
DA:92,0
DA:93,0
DA:94,0
DA:103,0
DA:104,0
DA:105,0
DA:106,0
DA:108,0
DA:111,0
DA:112,0
DA:113,0
DA:115,0
DA:116,0
DA:117,0
DA:118,0
DA:119,0
DA:120,0
DA:122,0
DA:126,0
DA:132,0
DA:138,0
DA:139,0
DA:140,0
DA:141,0
DA:143,0
DA:145,0
DA:146,0
DA:148,0
DA:149,0
LF:60
LH:0
end_of_record
SF:lib\view\setting_view\setting_manage_subscription.dart
DA:4,0
DA:5,0
DA:7,0
DA:13,0
DA:15,0
DA:23,0
DA:24,0
DA:26,0
DA:27,0
DA:28,0
DA:29,0
DA:30,0
DA:31,0
DA:32,0
DA:33,0
DA:35,0
DA:36,0
DA:40,0
DA:41,0
DA:43,0
DA:50,0
DA:51,0
DA:52,0
DA:53,0
DA:54,0
DA:55,0
DA:56,0
DA:58,0
DA:61,0
DA:62,0
DA:68,0
DA:69,0
DA:75,0
DA:81,0
DA:82,0
DA:84,0
DA:85,0
DA:93,0
DA:98,0
DA:104,0
DA:105,0
DA:110,0
DA:111,0
DA:113,0
DA:120,0
DA:121,0
DA:122,0
DA:123,0
DA:124,0
DA:125,0
DA:126,0
DA:128,0
DA:131,0
DA:132,0
DA:138,0
DA:139,0
DA:146,0
DA:147,0
DA:149,0
DA:150,0
DA:158,0
DA:163,0
DA:169,0
DA:170,0
DA:171,0
DA:172,0
DA:173,0
DA:174,0
DA:175,0
DA:176,0
DA:178,0
DA:181,0
DA:182,0
DA:188,0
DA:189,0
DA:196,0
DA:197,0
DA:199,0
DA:200,0
DA:208,0
DA:213,0
DA:219,0
DA:220,0
DA:221,0
DA:222,0
DA:223,0
DA:224,0
DA:225,0
DA:227,0
DA:230,0
DA:231,0
DA:237,0
DA:238,0
DA:245,0
DA:246,0
DA:248,0
DA:249,0
DA:257,0
DA:262,0
DA:268,0
DA:269,0
LF:101
LH:0
end_of_record
SF:lib\view\setting_view\setting_contact_us_view.dart
DA:4,0
DA:6,0
DA:7,0
DA:11,0
DA:13,0
DA:21,0
DA:22,0
DA:24,0
DA:25,0
DA:26,0
DA:28,0
DA:29,0
DA:30,0
DA:31,0
DA:32,0
DA:33,0
DA:34,0
DA:35,0
DA:36,0
DA:37,0
DA:38,0
DA:40,0
DA:52,0
DA:53,0
DA:54,0
DA:55,0
DA:56,0
DA:57,0
DA:58,0
DA:59,0
DA:61,0
DA:63,0
DA:64,0
DA:65,0
DA:66,0
LF:35
LH:0
end_of_record
SF:lib\view\setting_view\widgets\set_password_popup.dart
DA:5,0
DA:6,0
DA:9,0
DA:10,0
DA:11,0
DA:12,0
DA:13,0
DA:14,0
DA:15,0
DA:16,0
DA:17,0
DA:21,0
DA:23,0
DA:24,0
DA:26,0
DA:27,0
DA:28,0
DA:30,0
DA:31,0
DA:38,0
DA:39,0
DA:44,0
DA:47,0
DA:48,0
DA:49,0
DA:50,0
DA:53,0
DA:54,0
DA:60,0
DA:61,0
DA:72,0
DA:76,0
DA:77,0
DA:83,0
DA:84,0
DA:96,0
DA:99,0
DA:100,0
DA:102,0
DA:103,0
DA:110,0
DA:114,0
DA:117,0
DA:118,0
DA:122,0
DA:137,0
DA:149,0
DA:150,0
DA:153,0
DA:154,0
DA:155,0
DA:156,0
DA:157,0
DA:158,0
DA:159,0
DA:160,0
DA:164,0
DA:166,0
DA:167,0
DA:169,0
DA:170,0
DA:172,0
DA:174,0
DA:175,0
DA:176,0
DA:183,0
DA:184,0
DA:189,0
DA:192,0
DA:193,0
DA:194,0
DA:195,0
DA:198,0
DA:199,0
DA:205,0
DA:206,0
DA:213,0
DA:214,0
DA:215,0
DA:216,0
DA:218,0
DA:219,0
DA:226,0
DA:230,0
DA:237,0
DA:253,0
LF:86
LH:0
end_of_record
SF:lib\view\setting_view\app_setting_view.dart
DA:4,0
DA:6,0
DA:8,0
DA:16,0
DA:17,0
DA:19,0
DA:20,0
DA:21,0
DA:23,0
DA:24,0
DA:25,0
DA:26,0
DA:28,0
DA:29,0
DA:33,0
DA:34,0
DA:36,0
DA:37,0
DA:43,0
DA:47,0
DA:48,0
DA:49,0
DA:50,0
DA:56,0
DA:57,0
DA:63,0
DA:65,0
DA:75,0
DA:76,0
DA:77,0
DA:89,0
DA:90,0
LF:32
LH:0
end_of_record
SF:lib\view\setting_view\setting_assign_permission_view.dart
DA:4,0
DA:6,0
DA:8,0
DA:16,0
DA:17,0
DA:19,0
DA:21,0
DA:22,0
DA:23,0
DA:24,0
DA:26,0
DA:27,0
DA:31,0
DA:32,0
DA:33,0
DA:34,0
DA:35,0
DA:38,0
DA:39,0
DA:40,0
DA:52,0
DA:53,0
DA:60,0
DA:61,0
DA:62,0
DA:63,0
DA:65,0
DA:66,0
DA:72,0
DA:79,0
DA:80,0
DA:82,0
DA:83,0
DA:84,0
DA:86,0
DA:91,0
DA:93,0
DA:95,0
DA:97,0
LF:39
LH:0
end_of_record
SF:lib\view\staff_view\staff_view.dart
DA:6,0
DA:8,0
DA:9,0
DA:18,0
DA:20,0
DA:28,0
DA:29,0
DA:31,0
DA:32,0
DA:33,0
DA:34,0
DA:35,0
DA:36,0
DA:37,0
DA:39,0
DA:51,0
DA:55,0
DA:56,0
DA:57,0
DA:58,0
DA:68,0
DA:69,0
DA:70,0
DA:71,0
DA:76,0
DA:77,0
DA:82,0
DA:83,0
DA:85,0
DA:86,0
DA:87,0
DA:88,0
DA:95,0
DA:96,0
DA:104,0
DA:105,0
DA:106,0
DA:108,0
DA:109,0
DA:110,0
DA:111,0
DA:113,0
DA:114,0
DA:117,0
DA:118,0
DA:119,0
DA:120,0
DA:132,0
DA:133,0
DA:134,0
DA:135,0
LF:51
LH:0
end_of_record
SF:lib\view\staff_view\widgets\staff_info_card.dart
DA:3,0
DA:16,0
DA:17,0
DA:18,0
DA:19,0
DA:21,0
DA:22,0
DA:23,0
DA:24,0
DA:25,0
DA:26,0
DA:27,0
DA:28,0
DA:29,0
DA:31,0
DA:34,0
DA:35,0
DA:36,0
DA:37,0
DA:46,0
DA:47,0
DA:48,0
DA:51,0
DA:52,0
DA:58,0
DA:68,0
DA:71,0
DA:72,0
DA:78,0
DA:87,0
DA:88,0
DA:89,0
DA:93,0
DA:94,0
DA:100,0
DA:111,0
DA:114,0
DA:115,0
DA:121,0
DA:133,0
DA:134,0
DA:138,0
DA:139,0
DA:145,0
DA:157,0
DA:158,0
DA:162,0
DA:163,0
DA:169,0
DA:181,0
DA:182,0
DA:186,0
DA:188,0
DA:194,0
DA:203,0
DA:204,0
DA:205,0
DA:209,0
DA:210,0
DA:216,0
DA:227,0
DA:228,0
DA:232,0
DA:233,0
DA:239,0
DA:248,0
DA:249,0
LF:67
LH:0
end_of_record
SF:lib\view\staff_view\staff_view_detail.dart
DA:5,0
DA:7,0
DA:8,0
DA:12,0
DA:14,0
DA:22,0
DA:23,0
DA:25,0
DA:26,0
DA:27,0
DA:28,0
DA:31,0
DA:32,0
DA:33,0
DA:34,0
DA:35,0
DA:36,0
DA:37,0
DA:39,0
DA:41,0
DA:42,0
DA:43,0
DA:44,0
DA:45,0
DA:47,0
DA:48,0
DA:52,0
DA:53,0
DA:56,0
DA:57,0
DA:63,0
DA:74,0
DA:75,0
LF:33
LH:0
end_of_record
SF:lib\view\staff_view\add_staff_view.dart
DA:7,0
DA:9,0
DA:10,0
DA:25,0
DA:27,0
DA:28,0
DA:29,0
DA:30,0
DA:31,0
DA:32,0
DA:34,0
DA:35,0
DA:36,0
DA:38,0
DA:41,0
DA:42,0
DA:44,0
DA:47,0
DA:49,0
DA:50,0
DA:51,0
DA:52,0
DA:55,0
DA:57,0
DA:66,0
DA:67,0
DA:69,0
DA:72,0
DA:73,0
DA:74,0
DA:75,0
DA:76,0
DA:77,0
DA:79,0
DA:80,0
DA:81,0
DA:82,0
DA:86,0
DA:87,0
DA:92,0
DA:93,0
DA:95,0
DA:96,0
DA:99,0
DA:101,0
DA:102,0
DA:109,0
DA:113,0
DA:120,0
DA:123,0
DA:132,0
DA:136,0
DA:145,0
DA:146,0
DA:149,0
DA:150,0
DA:151,0
DA:152,0
DA:153,0
DA:154,0
DA:155,0
DA:156,0
DA:157,0
DA:162,0
DA:165,0
DA:166,0
DA:167,0
DA:168,0
DA:169,0
DA:170,0
DA:171,0
DA:172,0
DA:173,0
DA:176,0
DA:178,0
DA:180,0
DA:190,0
LF:77
LH:0
end_of_record
SF:lib\view\finance_view\widgets\finance_card.dart
DA:5,0
DA:15,0
DA:16,0
DA:22,0
DA:24,0
DA:25,0
DA:26,0
DA:28,0
DA:29,0
DA:30,0
DA:31,0
DA:33,0
DA:34,0
DA:41,0
DA:42,0
DA:47,0
DA:48,0
DA:56,0
DA:62,0
DA:64,0
DA:66,0
DA:67,0
DA:69,0
DA:70,0
DA:71,0
DA:72,0
DA:73,0
DA:76,0
DA:77,0
DA:85,0
DA:91,0
DA:99,0
DA:107,0
DA:116,0
DA:117,0
DA:123,0
DA:125,0
DA:126,0
DA:127,0
DA:129,0
DA:130,0
DA:131,0
DA:132,0
DA:134,0
DA:135,0
DA:142,0
DA:143,0
DA:148,0
DA:149,0
DA:157,0
DA:169,0
DA:179,0
DA:180,0
DA:186,0
DA:188,0
DA:189,0
DA:190,0
DA:192,0
DA:193,0
DA:194,0
DA:195,0
DA:197,0
DA:198,0
DA:204,0
DA:205,0
DA:213,0
DA:219,0
DA:221,0
DA:223,0
DA:224,0
DA:226,0
DA:227,0
DA:228,0
DA:229,0
DA:230,0
DA:233,0
DA:234,0
DA:242,0
DA:248,0
DA:256,0
DA:264,0
DA:270,0
DA:271,0
DA:272,0
DA:274,0
DA:275,0
DA:277,0
DA:278,0
DA:279,0
DA:280,0
DA:281,0
DA:285,0
DA:286,0
DA:292,0
LF:94
LH:0
end_of_record
SF:lib\view\finance_view\widgets\staff_salary_details_pop_up.dart
DA:9,0
DA:10,0
DA:13,0
DA:14,0
DA:15,0
DA:16,0
DA:17,0
DA:18,0
DA:19,0
DA:22,0
DA:24,0
DA:25,0
DA:27,0
DA:28,0
DA:29,0
DA:31,0
DA:32,0
DA:38,0
DA:39,0
DA:40,0
DA:42,0
DA:50,0
DA:52,0
DA:53,0
DA:54,0
DA:55,0
DA:61,0
DA:67,0
DA:73,0
DA:74,0
DA:75,0
DA:76,0
DA:77,0
DA:78,0
DA:87,0
DA:93,0
DA:94,0
DA:95,0
DA:96,0
DA:97,0
DA:98,0
DA:107,0
DA:113,0
DA:114,0
DA:115,0
DA:116,0
DA:117,0
DA:118,0
DA:127,0
DA:133,0
DA:134,0
DA:135,0
DA:136,0
DA:144,0
DA:145,0
DA:146,0
DA:148,0
DA:149,0
DA:155,0
DA:175,0
DA:176,0
DA:179,0
DA:180,0
DA:181,0
DA:182,0
DA:183,0
DA:184,0
DA:185,0
DA:188,0
DA:189,0
DA:190,0
DA:191,0
DA:192,0
DA:193,0
DA:195,0
DA:198,0
DA:200,0
DA:201,0
DA:203,0
DA:204,0
DA:205,0
DA:207,0
DA:208,0
DA:216,0
DA:218,0
DA:219,0
DA:222,0
DA:223,0
DA:229,0
DA:230,0
DA:231,0
DA:232,0
DA:240,0
DA:246,0
DA:252,0
DA:258,0
DA:259,0
DA:260,0
DA:261,0
DA:269,0
DA:271,0
DA:275,0
DA:282,0
DA:283,0
DA:284,0
DA:285,0
DA:286,0
DA:294,0
DA:295,0
DA:296,0
DA:298,0
DA:299,0
DA:305,0
DA:319,0
DA:320,0
DA:321,0
DA:322,0
DA:323,0
DA:335,0
DA:336,0
DA:338,0
DA:348,0
DA:349,0
DA:352,0
DA:353,0
DA:354,0
DA:355,0
DA:356,0
DA:357,0
DA:358,0
DA:361,0
DA:362,0
DA:363,0
DA:364,0
DA:365,0
DA:366,0
DA:368,0
DA:371,0
DA:373,0
DA:374,0
DA:376,0
DA:377,0
DA:378,0
DA:380,0
DA:381,0
DA:389,0
DA:391,0
DA:392,0
DA:395,0
DA:396,0
DA:402,0
DA:403,0
DA:404,0
DA:405,0
DA:413,0
DA:419,0
DA:425,0
DA:431,0
DA:437,0
DA:443,0
DA:445,0
DA:446,0
DA:448,0
DA:452,0
DA:453,0
DA:454,0
DA:455,0
DA:456,0
DA:458,0
DA:460,0
DA:462,0
DA:463,0
DA:471,0
DA:473,0
DA:474,0
DA:475,0
DA:476,0
DA:484,0
DA:486,0
DA:490,0
DA:497,0
DA:498,0
DA:499,0
DA:500,0
DA:501,0
DA:509,0
DA:510,0
DA:511,0
DA:513,0
DA:514,0
DA:520,0
DA:534,0
DA:535,0
DA:536,0
DA:537,0
DA:538,0
DA:550,0
DA:551,0
DA:553,0
DA:563,0
DA:564,0
DA:567,0
DA:568,0
DA:569,0
DA:570,0
DA:571,0
DA:572,0
DA:573,0
DA:576,0
DA:578,0
DA:579,0
DA:581,0
DA:582,0
DA:583,0
DA:585,0
DA:586,0
DA:592,0
DA:593,0
DA:594,0
DA:596,0
DA:604,0
DA:606,0
DA:607,0
DA:609,0
DA:610,0
DA:616,0
DA:622,0
DA:623,0
DA:624,0
DA:625,0
DA:633,0
DA:639,0
DA:645,0
DA:651,0
DA:657,0
DA:663,0
DA:669,0
DA:675,0
DA:677,0
DA:678,0
DA:680,0
DA:684,0
DA:685,0
DA:686,0
DA:687,0
DA:688,0
DA:690,0
DA:692,0
DA:694,0
DA:695,0
DA:703,0
DA:704,0
DA:705,0
DA:706,0
DA:707,0
DA:708,0
DA:717,0
DA:723,0
DA:724,0
DA:725,0
DA:726,0
DA:734,0
DA:736,0
DA:740,0
DA:747,0
DA:748,0
DA:749,0
DA:750,0
DA:751,0
DA:759,0
DA:760,0
DA:761,0
DA:762,0
DA:764,0
DA:765,0
DA:771,0
DA:791,0
DA:792,0
DA:793,0
DA:794,0
DA:797,0
DA:799,0
DA:802,0
DA:803,0
DA:804,0
DA:805,0
DA:806,0
DA:807,0
DA:808,0
DA:809,0
DA:810,0
DA:813,0
DA:814,0
DA:816,0
DA:817,0
DA:819,0
DA:820,0
DA:827,0
DA:829,0
DA:830,0
DA:836,0
DA:837,0
DA:838,0
DA:846,0
DA:847,0
DA:848,0
DA:849,0
DA:850,0
DA:851,0
DA:854,0
DA:855,0
DA:856,0
DA:857,0
DA:858,0
DA:862,0
DA:863,0
DA:868,0
DA:869,0
DA:870,0
DA:871,0
DA:879,0
DA:886,0
DA:887,0
DA:888,0
DA:889,0
DA:897,0
DA:898,0
DA:899,0
DA:900,0
DA:901,0
DA:902,0
DA:903,0
DA:905,0
DA:908,0
DA:909,0
DA:910,0
DA:911,0
DA:920,0
DA:921,0
DA:922,0
DA:923,0
DA:931,0
DA:932,0
DA:933,0
DA:934,0
DA:936,0
DA:937,0
DA:943,0
DA:958,0
DA:959,0
DA:960,0
DA:961,0
DA:962,0
DA:974,0
DA:975,0
DA:977,0
DA:989,0
DA:990,0
DA:993,0
DA:994,0
DA:995,0
DA:996,0
DA:997,0
DA:998,0
DA:999,0
DA:1002,0
DA:1004,0
DA:1005,0
DA:1007,0
DA:1008,0
DA:1009,0
DA:1011,0
DA:1012,0
DA:1018,0
DA:1019,0
DA:1020,0
DA:1022,0
DA:1030,0
DA:1032,0
DA:1033,0
DA:1035,0
DA:1036,0
DA:1042,0
DA:1043,0
DA:1044,0
DA:1045,0
DA:1053,0
DA:1055,0
DA:1059,0
DA:1066,0
DA:1067,0
DA:1068,0
DA:1069,0
DA:1070,0
DA:1078,0
DA:1079,0
DA:1080,0
DA:1081,0
DA:1083,0
DA:1084,0
DA:1090,0
DA:1110,0
DA:1116,0
DA:1117,0
DA:1118,0
DA:1120,0
DA:1121,0
DA:1123,0
DA:1127,0
DA:1138,0
DA:1142,0
DA:1145,0
DA:1146,0
DA:1147,0
DA:1148,0
DA:1149,0
DA:1150,0
DA:1151,0
DA:1152,0
DA:1155,0
DA:1157,0
DA:1158,0
DA:1160,0
DA:1161,0
DA:1162,0
DA:1168,0
DA:1169,0
DA:1171,0
DA:1172,0
DA:1173,0
DA:1178,0
DA:1179,0
DA:1185,0
DA:1186,0
DA:1200,0
DA:1203,0
DA:1204,0
DA:1205,0
DA:1206,0
DA:1208,0
DA:1209,0
DA:1213,0
DA:1214,0
DA:1216,0
DA:1219,0
DA:1220,0
DA:1222,0
DA:1223,0
DA:1226,0
DA:1236,0
DA:1237,0
DA:1242,0
DA:1243,0
DA:1245,0
DA:1246,0
DA:1253,0
DA:1257,0
DA:1259,0
DA:1260,0
DA:1265,0
LF:460
LH:0
end_of_record
SF:lib\view\finance_view\billing_view.dart
DA:4,0
DA:6,0
DA:7,0
DA:15,0
DA:17,0
DA:18,0
DA:21,0
DA:23,0
DA:31,0
DA:32,0
DA:34,0
DA:35,0
DA:36,0
DA:37,0
DA:38,0
DA:39,0
DA:40,0
DA:41,0
DA:42,0
DA:43,0
DA:44,0
DA:45,0
DA:47,0
DA:48,0
DA:49,0
DA:50,0
DA:52,0
DA:56,0
DA:59,0
DA:62,0
DA:63,0
DA:64,0
DA:65,0
DA:67,0
DA:70,0
DA:73,0
DA:76,0
DA:77,0
DA:78,0
DA:79,0
DA:81,0
DA:84,0
DA:92,0
DA:94,0
DA:95,0
DA:96,0
DA:97,0
DA:99,0
DA:102,0
DA:108,0
DA:109,0
DA:110,0
DA:111,0
DA:113,0
DA:116,0
DA:122,0
DA:123,0
DA:124,0
DA:125,0
DA:127,0
DA:130,0
LF:61
LH:0
end_of_record
SF:lib\view\finance_view\payment_setting_view.dart
DA:4,0
DA:5,0
DA:7,0
DA:15,0
DA:16,0
DA:18,0
DA:19,0
DA:20,0
DA:21,0
DA:23,0
DA:24,0
DA:25,0
DA:26,0
DA:34,0
DA:35,0
DA:36,0
DA:37,0
DA:39,0
DA:41,0
DA:42,0
DA:45,0
DA:46,0
DA:47,0
DA:48,0
DA:50,0
DA:52,0
DA:53,0
DA:56,0
DA:57,0
DA:58,0
DA:59,0
DA:61,0
DA:63,0
DA:64,0
DA:67,0
DA:68,0
DA:69,0
DA:70,0
DA:72,0
DA:74,0
DA:75,0
DA:78,0
LF:42
LH:0
end_of_record
SF:lib\view\inventory_view\widgets\custom_invoice_shape.dart
DA:9,0
DA:16,0
DA:19,0
DA:20,0
DA:21,0
DA:24,0
DA:25,0
DA:26,0
DA:27,0
DA:28,0
DA:29,0
DA:30,0
DA:33,0
DA:34,0
DA:35,0
DA:36,0
DA:38,0
DA:41,0
DA:43,0
DA:44,0
DA:45,0
DA:46,0
DA:50,0
DA:53,0
DA:56,0
DA:57,0
DA:60,0
DA:61,0
DA:65,0
DA:66,0
DA:69,0
DA:72,0
DA:75,0
DA:76,0
DA:77,0
DA:78,0
DA:81,0
DA:84,0
DA:85,0
DA:86,0
DA:90,0
DA:93,0
DA:94,0
DA:95,0
DA:99,0
DA:100,0
DA:101,0
DA:102,0
DA:107,0
DA:108,0
DA:109,0
DA:110,0
DA:114,0
DA:117,0
DA:119,0
DA:123,0
DA:126,0
DA:127,0
DA:128,0
DA:130,0
DA:131,0
DA:132,0
DA:134,0
DA:135,0
DA:136,0
DA:137,0
DA:139,0
DA:140,0
DA:141,0
DA:142,0
DA:147,0
LF:71
LH:0
end_of_record
SF:lib\view\setting_view\setting_payment_view.dart
DA:4,0
DA:6,0
DA:7,0
DA:19,0
DA:21,0
DA:22,0
DA:30,0
DA:32,0
DA:40,0
DA:41,0
DA:42,0
DA:43,0
DA:48,0
DA:49,0
DA:50,0
DA:52,0
DA:57,0
DA:58,0
DA:64,0
DA:65,0
DA:66,0
DA:67,0
DA:68,0
DA:70,0
DA:72,0
DA:74,0
DA:75,0
DA:76,0
DA:77,0
DA:78,0
DA:79,0
DA:82,0
DA:93,0
DA:94,0
DA:95,0
DA:108,0
DA:109,0
DA:117,0
DA:123,0
DA:125,0
DA:127,0
DA:128,0
DA:130,0
DA:131,0
DA:132,0
DA:137,0
DA:138,0
DA:139,0
DA:140,0
DA:141,0
DA:142,0
DA:146,0
DA:147,0
DA:148,0
DA:154,0
DA:161,0
DA:166,0
DA:168,0
DA:170,0
DA:171,0
DA:173,0
DA:175,0
DA:176,0
DA:177,0
DA:182,0
DA:183,0
DA:185,0
DA:186,0
DA:187,0
DA:193,0
DA:200,0
DA:201,0
DA:206,0
DA:208,0
DA:210,0
DA:212,0
DA:224,0
LF:77
LH:0
end_of_record
SF:lib\view\kids_view\widgets\kid_info_card.dart
DA:3,0
DA:10,0
DA:11,0
DA:12,0
DA:13,0
DA:15,0
DA:16,0
DA:17,0
DA:19,0
DA:20,0
DA:21,0
DA:22,0
DA:24,0
DA:27,0
DA:28,0
DA:29,0
DA:30,0
DA:39,0
DA:40,0
DA:43,0
DA:44,0
DA:50,0
DA:51,0
DA:61,0
DA:64,0
DA:65,0
DA:71,0
DA:72,0
DA:82,0
DA:85,0
DA:86,0
DA:92,0
DA:93,0
DA:104,0
DA:105,0
DA:109,0
DA:110,0
DA:116,0
DA:117,0
DA:126,0
DA:127,0
DA:128,0
DA:132,0
DA:133,0
DA:139,0
DA:140,0
DA:150,0
DA:151,0
DA:152,0
DA:156,0
DA:157,0
DA:158,0
DA:159,0
DA:160,0
DA:161,0
DA:162,0
DA:163,0
DA:165,0
DA:168,0
DA:169,0
DA:170,0
DA:171,0
LF:62
LH:0
end_of_record
SF:lib\view\kids_view\widgets\remove_user_pop_up.dart
DA:5,0
DA:6,0
DA:9,0
DA:10,0
DA:11,0
DA:12,0
DA:13,0
DA:14,0
DA:15,0
DA:18,0
DA:20,0
DA:21,0
DA:23,0
DA:24,0
DA:25,0
DA:26,0
DA:27,0
DA:28,0
DA:30,0
DA:31,0
DA:37,0
DA:38,0
DA:43,0
DA:44,0
DA:51,0
DA:52,0
DA:54,0
DA:55,0
DA:62,0
DA:66,0
DA:71,0
LF:31
LH:0
end_of_record
SF:lib\view\message_view\message_view.dart
DA:7,0
DA:9,0
DA:10,0
DA:41,0
DA:42,0
DA:44,0
DA:45,0
DA:47,0
DA:50,0
DA:51,0
DA:52,0
DA:53,0
DA:57,0
DA:58,0
DA:59,0
DA:60,0
DA:63,0
DA:66,0
DA:71,0
DA:72,0
DA:73,0
DA:75,0
DA:77,0
DA:80,0
DA:82,0
DA:85,0
DA:86,0
DA:87,0
DA:88,0
DA:91,0
DA:92,0
DA:93,0
DA:94,0
DA:95,0
DA:100,0
DA:102,0
DA:105,0
DA:106,0
DA:108,0
DA:113,0
DA:114,0
DA:115,0
DA:121,0
DA:122,0
DA:123,0
DA:124,0
DA:125,0
DA:126,0
DA:131,0
DA:133,0
DA:134,0
DA:140,0
DA:142,0
DA:155,0
DA:158,0
DA:159,0
DA:160,0
DA:161,0
DA:163,0
DA:164,0
DA:165,0
DA:166,0
DA:168,0
DA:169,0
DA:170,0
DA:171,0
DA:172,0
DA:173,0
DA:178,0
DA:180,0
DA:181,0
DA:187,0
DA:188,0
DA:189,0
DA:204,0
DA:205,0
DA:207,0
DA:208,0
DA:209,0
DA:210,0
DA:211,0
DA:214,0
DA:215,0
DA:216,0
DA:217,0
DA:218,0
DA:223,0
DA:226,0
DA:227,0
DA:235,0
DA:236,0
DA:237,0
DA:238,0
DA:239,0
DA:240,0
DA:242,0
DA:244,0
DA:245,0
DA:247,0
DA:249,0
DA:250,0
DA:251,0
DA:267,0
DA:269,0
DA:270,0
DA:278,0
DA:282,0
DA:287,0
DA:288,0
DA:289,0
DA:290,0
DA:291,0
DA:292,0
DA:293,0
DA:295,0
DA:297,0
DA:298,0
DA:299,0
DA:304,0
DA:305,0
DA:307,0
DA:309,0
DA:310,0
DA:312,0
DA:313,0
DA:314,0
DA:315,0
DA:316,0
DA:318,0
DA:321,0
DA:322,0
DA:330,0
DA:338,0
DA:339,0
DA:340,0
DA:341,0
DA:343,0
DA:345,0
DA:355,0
DA:356,0
DA:357,0
DA:358,0
DA:359,0
DA:361,0
DA:362,0
DA:363,0
DA:364,0
DA:366,0
DA:370,0
DA:375,0
DA:382,0
DA:383,0
DA:385,0
DA:386,0
DA:387,0
DA:388,0
DA:389,0
DA:390,0
DA:392,0
DA:394,0
DA:396,0
DA:397,0
DA:409,0
DA:410,0
DA:411,0
DA:412,0
DA:414,0
DA:418,0
DA:419,0
DA:421,0
DA:422,0
DA:423,0
DA:424,0
DA:427,0
DA:428,0
LF:175
LH:0
end_of_record
SF:lib\view\plan_view\add_new_plan.dart
DA:5,0
DA:7,0
DA:8,0
DA:24,0
DA:26,0
DA:35,0
DA:36,0
DA:38,0
DA:39,0
DA:40,0
DA:41,0
DA:42,0
DA:51,0
DA:52,0
DA:53,0
DA:55,0
DA:57,0
DA:60,0
DA:61,0
DA:62,0
DA:64,0
DA:65,0
DA:66,0
DA:67,0
DA:68,0
DA:69,0
DA:70,0
DA:71,0
DA:72,0
DA:74,0
DA:75,0
DA:80,0
DA:84,0
DA:86,0
DA:87,0
DA:89,0
DA:90,0
DA:95,0
DA:96,0
DA:100,0
DA:102,0
DA:103,0
DA:105,0
DA:106,0
DA:111,0
DA:112,0
DA:125,0
DA:127,0
DA:128,0
DA:129,0
DA:139,0
DA:141,0
DA:142,0
DA:143,0
DA:144,0
DA:145,0
DA:146,0
DA:151,0
DA:152,0
DA:164,0
DA:165,0
DA:166,0
DA:183,0
DA:185,0
LF:64
LH:0
end_of_record
SF:lib\view\plan_view\widgets\expanded_tile.dart
DA:8,0
DA:15,0
DA:16,0
DA:20,0
DA:22,0
DA:23,0
DA:25,0
DA:26,0
DA:27,0
DA:30,0
DA:31,0
DA:32,0
DA:33,0
DA:34,0
DA:40,0
DA:41,0
DA:42,0
DA:44,0
DA:45,0
DA:49,0
DA:50,0
DA:51,0
DA:52,0
DA:53,0
DA:58,0
DA:59,0
DA:64,0
DA:65,0
DA:66,0
LF:29
LH:0
end_of_record
SF:lib\view\reporting_view\widgets\add_new_report_card.dart
DA:9,0
DA:14,0
DA:17,0
DA:18,0
DA:19,0
DA:20,0
DA:21,0
DA:22,0
DA:23,0
DA:26,0
DA:28,0
DA:29,0
DA:31,0
DA:32,0
DA:33,0
DA:35,0
DA:36,0
DA:37,0
DA:39,0
DA:45,0
DA:46,0
DA:47,0
DA:49,0
DA:50,0
DA:53,0
DA:54,0
DA:58,0
DA:60,0
DA:61,0
DA:62,0
DA:63,0
DA:64,0
DA:65,0
DA:67,0
DA:68,0
DA:70,0
DA:71,0
DA:72,0
DA:73,0
DA:76,0
DA:80,0
DA:84,0
DA:86,0
DA:92,0
DA:93,0
DA:95,0
DA:96,0
DA:98,0
DA:99,0
DA:102,0
DA:103,0
DA:104,0
DA:105,0
DA:106,0
DA:107,0
DA:110,0
DA:112,0
DA:114,0
DA:115,0
DA:116,0
DA:119,0
DA:120,0
DA:127,0
DA:128,0
DA:129,0
DA:130,0
DA:132,0
DA:133,0
DA:145,0
DA:146,0
DA:147,0
DA:148,0
DA:149,0
DA:151,0
DA:152,0
DA:153,0
DA:154,0
DA:155,0
DA:156,0
DA:159,0
DA:161,0
DA:163,0
DA:164,0
DA:165,0
DA:168,0
DA:169,0
DA:175,0
DA:178,0
DA:179,0
DA:189,0
DA:190,0
DA:196,0
DA:197,0
DA:198,0
DA:203,0
DA:204,0
LF:96
LH:0
end_of_record
SF:lib\view\reporting_view\widgets\reporting_activity_card.dart
DA:6,0
DA:7,0
DA:10,0
DA:11,0
DA:12,0
DA:13,0
DA:14,0
DA:15,0
DA:16,0
DA:17,0
DA:20,0
DA:22,0
DA:23,0
DA:25,0
DA:26,0
DA:27,0
DA:33,0
DA:34,0
DA:36,0
DA:37,0
DA:38,0
DA:43,0
DA:49,0
DA:50,0
DA:51,0
DA:52,0
DA:57,0
DA:58,0
DA:63,0
DA:64,0
DA:71,0
DA:72,0
DA:77,0
DA:78,0
DA:84,0
DA:85,0
DA:96,0
DA:99,0
DA:100,0
DA:105,0
DA:106,0
DA:108,0
DA:109,0
DA:116,0
DA:120,0
DA:122,0
DA:123,0
DA:128,0
LF:48
LH:0
end_of_record
SF:lib\view\reporting_view\widgets\reporting_mood_card.dart
DA:6,0
DA:7,0
DA:10,0
DA:11,0
DA:12,0
DA:13,0
DA:14,0
DA:15,0
DA:16,0
DA:17,0
DA:20,0
DA:22,0
DA:23,0
DA:25,0
DA:26,0
DA:27,0
DA:33,0
DA:34,0
DA:36,0
DA:37,0
DA:43,0
DA:44,0
DA:46,0
DA:47,0
DA:48,0
DA:53,0
DA:54,0
DA:59,0
DA:60,0
DA:65,0
DA:66,0
DA:71,0
DA:72,0
DA:77,0
DA:78,0
DA:83,0
DA:84,0
DA:89,0
DA:90,0
DA:95,0
DA:96,0
DA:104,0
DA:105,0
DA:110,0
DA:111,0
DA:117,0
DA:128,0
DA:131,0
DA:132,0
DA:137,0
DA:138,0
DA:140,0
DA:141,0
DA:148,0
DA:152,0
DA:154,0
DA:155,0
DA:160,0
LF:58
LH:0
end_of_record
SF:lib\view\reporting_view\widgets\reporting_sleep_card.dart
DA:3,0
DA:7,0
DA:8,0
DA:9,0
DA:10,0
DA:11,0
DA:13,0
DA:24,0
DA:25,0
DA:26,0
DA:28,0
DA:30,0
DA:32,0
DA:35,0
DA:37,0
DA:43,0
DA:44,0
DA:50,0
DA:56,0
DA:57,0
DA:58,0
DA:59,0
DA:60,0
DA:62,0
DA:67,0
DA:68,0
DA:69,0
DA:71,0
DA:73,0
DA:74,0
DA:75,0
DA:80,0
DA:90,0
DA:96,0
DA:97,0
DA:98,0
DA:99,0
DA:100,0
DA:102,0
DA:107,0
DA:108,0
DA:109,0
DA:111,0
DA:113,0
DA:114,0
DA:115,0
DA:120,0
DA:128,0
DA:129,0
DA:135,0
DA:136,0
DA:147,0
DA:150,0
DA:152,0
DA:154,0
DA:155,0
DA:162,0
DA:164,0
DA:166,0
DA:167,0
DA:172,0
LF:61
LH:0
end_of_record
SF:lib\view\reporting_view\widgets\reporting_toilet_card.dart
DA:6,0
DA:7,0
DA:10,0
DA:11,0
DA:12,0
DA:13,0
DA:14,0
DA:15,0
DA:16,0
DA:17,0
DA:20,0
DA:22,0
DA:23,0
DA:25,0
DA:26,0
DA:27,0
DA:33,0
DA:34,0
DA:36,0
DA:37,0
DA:42,0
DA:44,0
DA:50,0
DA:51,0
DA:52,0
DA:53,0
DA:58,0
DA:65,0
DA:66,0
DA:71,0
DA:72,0
DA:78,0
DA:79,0
DA:80,0
DA:81,0
DA:86,0
DA:91,0
DA:98,0
DA:99,0
DA:105,0
DA:106,0
DA:117,0
DA:120,0
DA:121,0
DA:126,0
DA:127,0
DA:129,0
DA:130,0
DA:137,0
DA:141,0
DA:143,0
DA:144,0
DA:149,0
LF:53
LH:0
end_of_record
SF:lib\view\staff_view\widgets\add_staff_view.dart
DA:5,0
DA:6,0
DA:9,0
DA:10,0
DA:11,0
DA:12,0
DA:13,0
DA:14,0
DA:15,0
DA:16,0
DA:19,0
DA:21,0
DA:22,0
DA:24,0
DA:25,0
DA:26,0
DA:27,0
DA:28,0
DA:29,0
DA:31,0
DA:32,0
DA:34,0
DA:35,0
DA:41,0
DA:42,0
DA:43,0
DA:45,0
DA:50,0
DA:51,0
DA:56,0
DA:57,0
DA:64,0
DA:65,0
DA:71,0
DA:72,0
DA:83,0
DA:87,0
DA:88,0
DA:100,0
DA:101,0
DA:102,0
DA:103,0
LF:42
LH:0
end_of_record
SF:lib\view\staff_view\widgets\staff_card.dart
DA:4,0
DA:5,0
DA:8,0
DA:9,0
DA:10,0
DA:12,0
DA:13,0
DA:14,0
DA:17,0
DA:20,0
DA:26,0
DA:32,0
DA:34,0
DA:36,0
DA:37,0
DA:39,0
DA:40,0
DA:41,0
DA:43,0
DA:44,0
DA:46,0
DA:47,0
DA:51,0
DA:52,0
DA:60,0
DA:61,0
DA:68,0
DA:75,0
DA:83,0
DA:84,0
DA:85,0
DA:86,0
DA:88,0
DA:90,0
DA:101,0
DA:109,0
DA:111,0
DA:112,0
DA:114,0
DA:115,0
DA:116,0
DA:118,0
DA:120,0
DA:122,0
DA:123,0
DA:124,0
DA:125,0
DA:132,0
DA:133,0
DA:136,0
DA:144,0
DA:145,0
DA:146,0
DA:148,0
LF:54
LH:0
end_of_record
SF:lib\view\staff_view\widgets\staff_view_info_card.dart
DA:3,0
DA:4,0
DA:5,0
DA:6,0
DA:7,0
DA:8,0
DA:10,0
DA:11,0
DA:13,0
DA:14,0
DA:16,0
DA:17,0
DA:19,0
DA:25,0
DA:31,0
DA:32,0
DA:38,0
DA:44,0
DA:45,0
DA:51,0
DA:57,0
DA:58,0
DA:64,0
DA:70,0
DA:71,0
DA:77,0
DA:83,0
DA:84,0
DA:90,0
DA:96,0
DA:97,0
DA:99,0
DA:100,0
DA:102,0
DA:103,0
DA:109,0
DA:110,0
DA:116,0
DA:119,0
DA:120,0
DA:121,0
DA:122,0
DA:125,0
DA:129,0
DA:130,0
DA:132,0
DA:133,0
DA:135,0
DA:136,0
DA:142,0
DA:143,0
DA:149,0
DA:152,0
DA:153,0
DA:154,0
DA:155,0
DA:158,0
DA:162,0
DA:163,0
DA:169,0
DA:176,0
DA:177,0
DA:183,0
DA:189,0
DA:197,0
DA:198,0
DA:199,0
DA:200,0
DA:201,0
DA:202,0
DA:203,0
DA:204,0
DA:206,0
DA:208,0
DA:209,0
DA:211,0
DA:213,0
DA:214,0
DA:217,0
DA:218,0
DA:224,0
LF:81
LH:0
end_of_record
SF:lib\view\staff_view\widgets\remove_staff_pop_up.dart
DA:5,0
DA:6,0
DA:9,0
DA:10,0
DA:11,0
DA:12,0
DA:13,0
DA:14,0
DA:15,0
DA:18,0
DA:20,0
DA:21,0
DA:23,0
DA:24,0
DA:25,0
DA:26,0
DA:27,0
DA:28,0
DA:30,0
DA:31,0
DA:37,0
DA:38,0
DA:43,0
DA:44,0
DA:51,0
DA:52,0
DA:54,0
DA:55,0
DA:62,0
DA:66,0
DA:71,0
LF:31
LH:0
end_of_record
SF:lib\view_models\auth_view_model\auth_view_model.dart
DA:45,0
DA:46,0
DA:47,0
DA:49,0
DA:53,0
DA:54,0
DA:57,0
DA:58,0
DA:60,0
DA:65,0
DA:70,0
DA:73,0
DA:74,0
DA:75,0
DA:78,1
DA:79,1
DA:80,1
DA:83,1
DA:85,2
DA:87,2
DA:89,1
DA:94,0
DA:95,0
DA:96,0
DA:99,0
DA:100,0
DA:104,1
DA:105,2
DA:106,1
DA:109,1
DA:110,2
DA:111,1
DA:114,0
DA:116,0
DA:117,0
DA:118,0
DA:119,0
DA:120,0
DA:121,0
DA:122,0
DA:123,0
DA:124,0
DA:125,0
DA:127,0
DA:131,0
DA:132,0
DA:134,0
DA:135,0
DA:139,0
DA:141,0
DA:142,0
DA:143,0
DA:145,0
DA:146,0
DA:147,0
DA:149,0
DA:150,0
DA:151,0
DA:153,0
DA:159,0
DA:161,0
DA:162,0
DA:164,0
DA:165,0
DA:166,0
DA:167,0
DA:168,0
DA:169,0
DA:170,0
DA:172,0
DA:173,0
DA:175,0
DA:183,0
DA:185,0
DA:186,0
DA:187,0
DA:189,0
DA:191,0
DA:192,0
DA:194,0
DA:201,0
DA:206,0
DA:212,0
DA:215,0
DA:216,0
DA:220,0
DA:222,0
DA:224,0
DA:226,0
DA:227,0
DA:228,0
DA:230,0
DA:232,0
DA:237,0
DA:238,0
DA:239,0
DA:240,0
DA:241,0
DA:243,0
DA:251,0
DA:253,0
DA:258,0
DA:265,0
DA:270,0
DA:271,0
DA:272,0
DA:276,0
DA:277,0
DA:282,0
DA:283,0
DA:289,0
DA:290,0
DA:296,0
DA:298,0
DA:303,0
DA:305,0
DA:310,0
DA:311,0
DA:315,0
DA:325,0
DA:327,0
DA:328,0
DA:333,0
DA:335,0
DA:342,0
DA:343,0
DA:344,0
DA:346,0
DA:348,0
DA:349,0
DA:350,0
DA:351,0
DA:352,0
DA:357,0
DA:363,0
DA:365,0
DA:370,0
DA:387,1
DA:388,2
DA:389,1
DA:392,1
DA:393,1
DA:394,1
DA:400,0
DA:402,0
DA:403,0
DA:404,0
DA:406,0
DA:408,0
DA:409,0
DA:410,0
DA:411,0
DA:412,0
DA:413,0
DA:414,0
DA:415,0
DA:416,0
DA:417,0
DA:418,0
DA:421,0
DA:423,0
DA:425,0
DA:430,0
DA:432,0
DA:435,0
DA:437,0
DA:438,0
DA:442,0
DA:443,0
DA:444,0
DA:445,0
DA:459,0
DA:460,0
DA:461,0
DA:464,0
DA:465,0
DA:466,0
DA:472,0
DA:474,0
DA:475,0
DA:476,0
DA:478,0
DA:481,0
DA:488,0
DA:489,0
DA:490,0
DA:491,0
DA:493,0
DA:496,0
DA:498,0
DA:500,0
DA:505,0
DA:507,0
DA:511,0
DA:512,0
DA:516,0
DA:518,0
DA:520,0
DA:522,0
DA:523,0
DA:524,0
DA:526,0
DA:528,0
DA:533,0
DA:534,0
DA:535,0
DA:536,0
DA:537,0
DA:539,0
DA:545,0
DA:548,0
DA:550,0
DA:555,0
DA:557,0
DA:564,0
DA:566,0
DA:568,0
DA:571,0
DA:578,0
DA:579,0
DA:580,0
DA:582,0
DA:585,0
DA:587,0
DA:589,0
DA:594,0
DA:596,0
DA:599,0
DA:603,1
DA:605,2
DA:606,2
DA:607,2
DA:608,2
DA:609,2
DA:610,2
DA:611,2
DA:612,2
DA:613,2
DA:614,2
DA:615,2
DA:616,2
DA:617,2
DA:618,1
LF:243
LH:34
end_of_record
SF:lib\view_models\auth_view_model\sign_up_view_model.dart
DA:52,0
DA:54,0
DA:55,0
DA:57,0
DA:58,0
DA:59,0
DA:60,0
DA:62,0
DA:63,0
DA:65,0
DA:67,0
DA:68,0
DA:72,0
DA:74,0
DA:75,0
DA:77,0
DA:78,0
DA:79,0
DA:80,0
DA:81,0
DA:82,0
DA:84,0
DA:85,0
DA:87,0
DA:89,0
DA:90,0
DA:94,0
DA:96,0
DA:97,0
DA:98,0
DA:99,0
DA:100,0
DA:103,0
DA:104,0
DA:106,0
DA:110,0
DA:112,0
DA:113,0
DA:114,0
DA:116,0
DA:118,0
DA:119,0
DA:120,0
DA:122,0
DA:129,0
DA:133,0
DA:135,0
DA:138,0
DA:139,0
DA:142,0
DA:143,0
DA:147,0
DA:148,0
DA:149,0
DA:152,1
DA:153,1
DA:154,1
DA:157,1
DA:158,1
DA:159,1
DA:162,1
DA:164,2
DA:165,2
DA:166,1
DA:169,0
DA:170,0
DA:172,0
DA:173,0
DA:177,0
DA:178,0
DA:179,0
DA:180,0
DA:181,0
DA:185,0
DA:186,0
DA:189,0
DA:190,0
DA:191,0
DA:196,0
DA:199,1
DA:200,2
DA:201,1
DA:204,1
DA:205,2
DA:206,1
DA:209,0
DA:211,0
DA:212,0
DA:213,0
DA:214,0
DA:215,0
DA:217,0
DA:218,0
DA:221,0
DA:222,0
DA:224,0
DA:229,0
DA:230,0
DA:236,0
DA:237,0
DA:243,0
DA:244,0
DA:249,0
DA:251,0
DA:255,0
DA:260,0
DA:262,0
DA:263,0
DA:264,0
DA:265,0
DA:266,0
DA:267,0
DA:268,0
DA:270,0
DA:273,0
DA:274,0
DA:275,0
DA:280,0
DA:281,0
DA:286,0
DA:288,0
DA:290,0
DA:324,0
DA:326,0
DA:330,0
DA:331,0
DA:335,0
DA:337,0
DA:339,0
DA:341,0
DA:342,0
DA:343,0
DA:345,0
DA:347,0
DA:352,0
DA:353,0
DA:354,0
DA:355,0
DA:356,0
DA:359,0
DA:367,0
DA:369,0
DA:374,0
DA:376,0
DA:383,1
DA:384,2
DA:385,2
DA:386,2
DA:388,2
DA:389,2
DA:390,2
DA:391,2
DA:393,2
DA:394,2
DA:396,1
DA:397,1
DA:398,1
DA:399,1
DA:400,2
DA:401,1
DA:403,1
DA:404,1
DA:406,1
DA:407,1
DA:408,1
DA:412,1
DA:415,1
DA:417,2
DA:418,2
DA:419,2
DA:420,2
DA:421,2
DA:422,2
DA:423,2
DA:424,2
DA:425,2
DA:426,2
DA:427,1
LF:178
LH:50
end_of_record
SF:lib\view_models\dashboard_view_model\quick_action_view_model.dart
DA:6,2
DA:9,2
DA:11,1
DA:12,1
DA:13,1
DA:16,1
DA:17,1
DA:18,1
LF:8
LH:8
end_of_record
SF:lib\view_models\register_providers.dart
DA:4,0
DA:5,0
DA:6,0
DA:7,0
DA:8,0
DA:9,0
DA:10,0
LF:7
LH:0
end_of_record
SF:lib\view_models\setting_view_model\setting_view_model.dart
DA:11,1
DA:12,2
DA:13,1
LF:3
LH:3
end_of_record
SF:lib\view_models\kids_view_model\kids_view_model.dart
DA:13,1
DA:14,4
DA:15,3
DA:16,1
DA:29,0
DA:30,0
DA:31,0
DA:40,0
DA:42,0
DA:43,0
DA:44,0
DA:45,0
DA:46,0
DA:47,0
DA:50,0
DA:52,0
DA:61,1
DA:62,3
DA:63,2
DA:64,1
DA:68,0
DA:69,0
DA:70,0
DA:79,0
DA:81,0
DA:82,0
DA:92,0
DA:93,0
DA:94,0
DA:95,0
DA:99,0
DA:102,1
DA:103,3
DA:104,2
DA:105,1
DA:109,1
DA:110,4
DA:111,3
DA:112,1
DA:120,0
DA:121,0
DA:123,0
DA:124,0
DA:135,0
DA:136,0
DA:137,0
DA:140,0
DA:143,1
DA:144,3
DA:145,2
DA:146,1
DA:152,0
DA:153,0
DA:154,0
DA:156,0
DA:157,0
DA:169,0
DA:170,0
DA:171,0
DA:174,0
DA:177,1
DA:178,3
DA:179,2
DA:180,1
LF:64
LH:24
end_of_record
SF:lib\models\menu_model.dart
DA:8,1
LF:1
LH:1
end_of_record
